{"/home/chris/kibana/scripts/functional_test_runner.js":{"path":"/home/chris/kibana/scripts/functional_test_runner.js","statementMap":{"0":{"start":{"line":20,"column":0},"end":{"line":20,"column":33}},"1":{"start":{"line":21,"column":0},"end":{"line":21,"column":33}}},"fnMap":{},"branchMap":{},"s":{"0":1,"1":1},"f":{},"b":{},"_coverageSchema":"43e27e138ebf9cfc5966b082cf9a028302ed4184","hash":"93e5f573436a5d45a5c3b94b3835f00312a477f5","contentHash":"ae705ed470c94be83558314cea28457215fb2dace210de4b8bcc8ae5ef588710"},"/home/chris/kibana/src/setup_node_env/index.js":{"path":"/home/chris/kibana/src/setup_node_env/index.js","statementMap":{"0":{"start":{"line":21,"column":0},"end":{"line":21,"column":29}},"1":{"start":{"line":22,"column":0},"end":{"line":22,"column":20}},"2":{"start":{"line":25,"column":0},"end":{"line":25,"column":29}},"3":{"start":{"line":26,"column":0},"end":{"line":26,"column":18}},"4":{"start":{"line":27,"column":0},"end":{"line":27,"column":36}},"5":{"start":{"line":28,"column":0},"end":{"line":28,"column":28}}},"fnMap":{},"branchMap":{},"s":{"0":1,"1":1,"2":1,"3":1,"4":1,"5":1},"f":{},"b":{},"_coverageSchema":"43e27e138ebf9cfc5966b082cf9a028302ed4184","hash":"9c50ab61d7305626a2e1580a7ed211d178b5e987","contentHash":"96470d39bf1c70d6df4e188f77e963a61fe8b1a9d806acd21aa4fcc301b3e1ee"},"/home/chris/kibana/src/setup_node_env/exit_on_warning.js":{"path":"/home/chris/kibana/src/setup_node_env/exit_on_warning.js","statementMap":{"0":{"start":{"line":20,"column":0},"end":{"line":50,"column":1}},"1":{"start":{"line":21,"column":15},"end":{"line":21,"column":46}},"2":{"start":{"line":23,"column":2},"end":{"line":37,"column":5}},"3":{"start":{"line":24,"column":4},"end":{"line":24,"column":43}},"4":{"start":{"line":24,"column":36},"end":{"line":24,"column":43}},"5":{"start":{"line":26,"column":4},"end":{"line":34,"column":5}},"6":{"start":{"line":27,"column":6},"end":{"line":27,"column":81}},"7":{"start":{"line":29,"column":6},"end":{"line":29,"column":57}},"8":{"start":{"line":30,"column":6},"end":{"line":30,"column":22}},"9":{"start":{"line":31,"column":6},"end":{"line":31,"column":32}},"10":{"start":{"line":32,"column":6},"end":{"line":32,"column":22}},"11":{"start":{"line":33,"column":6},"end":{"line":33,"column":46}},"12":{"start":{"line":36,"column":4},"end":{"line":36,"column":20}},"13":{"start":{"line":42,"column":2},"end":{"line":49,"column":5}},"14":{"start":{"line":43,"column":4},"end":{"line":43,"column":59}},"15":{"start":{"line":44,"column":4},"end":{"line":44,"column":20}},"16":{"start":{"line":45,"column":4},"end":{"line":45,"column":26}},"17":{"start":{"line":46,"column":4},"end":{"line":46,"column":20}},"18":{"start":{"line":47,"column":4},"end":{"line":47,"column":44}},"19":{"start":{"line":48,"column":4},"end":{"line":48,"column":20}}},"fnMap":{"0":{"name":"(anonymous_0)","decl":{"start":{"line":23,"column":24},"end":{"line":23,"column":25}},"loc":{"start":{"line":23,"column":40},"end":{"line":37,"column":3}},"line":23},"1":{"name":"(anonymous_1)","decl":{"start":{"line":42,"column":35},"end":{"line":42,"column":36}},"loc":{"start":{"line":42,"column":53},"end":{"line":49,"column":3}},"line":42}},"branchMap":{"0":{"loc":{"start":{"line":20,"column":0},"end":{"line":50,"column":1}},"type":"if","locations":[{"start":{"line":20,"column":0},"end":{"line":50,"column":1}},{"start":{"line":20,"column":0},"end":{"line":50,"column":1}}],"line":20},"1":{"loc":{"start":{"line":24,"column":4},"end":{"line":24,"column":43}},"type":"if","locations":[{"start":{"line":24,"column":4},"end":{"line":24,"column":43}},{"start":{"line":24,"column":4},"end":{"line":24,"column":43}}],"line":24},"2":{"loc":{"start":{"line":26,"column":4},"end":{"line":34,"column":5}},"type":"if","locations":[{"start":{"line":26,"column":4},"end":{"line":34,"column":5}},{"start":{"line":26,"column":4},"end":{"line":34,"column":5}}],"line":26}},"s":{"0":1,"1":1,"2":1,"3":0,"4":0,"5":0,"6":0,"7":0,"8":0,"9":0,"10":0,"11":0,"12":0,"13":1,"14":0,"15":0,"16":0,"17":0,"18":0,"19":0},"f":{"0":0,"1":0},"b":{"0":[1,0],"1":[0,0],"2":[0,0]},"_coverageSchema":"43e27e138ebf9cfc5966b082cf9a028302ed4184","hash":"cd8f2cc1be5e6cc82691f2c62dc1b7b3650937eb","contentHash":"aa2b5eafff105454ecac53fcfc1e3bd834a303c148a4a50407a0def2a9214958"},"/home/chris/kibana/src/setup_node_env/harden.js":{"path":"/home/chris/kibana/src/setup_node_env/harden.js","statementMap":{"0":{"start":{"line":20,"column":11},"end":{"line":20,"column":43}},"1":{"start":{"line":22,"column":0},"end":{"line":24,"column":3}},"2":{"start":{"line":23,"column":2},"end":{"line":23,"column":47}}},"fnMap":{"0":{"name":"(anonymous_0)","decl":{"start":{"line":22,"column":24},"end":{"line":22,"column":25}},"loc":{"start":{"line":22,"column":49},"end":{"line":24,"column":1}},"line":22}},"branchMap":{},"s":{"0":1,"1":1,"2":1},"f":{"0":1},"b":{},"_coverageSchema":"43e27e138ebf9cfc5966b082cf9a028302ed4184","hash":"2136716bbdcf65f1a2859b64480378caf249a723","contentHash":"4d8a9eb070cdbd2901929a2e8f38a9c504fea6d2322e0a837ff7752077b22fa4"},"/home/chris/kibana/src/setup_node_env/root/index.js":{"path":"/home/chris/kibana/src/setup_node_env/root/index.js","statementMap":{"0":{"start":{"line":20,"column":12},"end":{"line":20,"column":44}},"1":{"start":{"line":22,"column":10},"end":{"line":22,"column":44}},"2":{"start":{"line":23,"column":13},"end":{"line":23,"column":38}},"3":{"start":{"line":25,"column":0},"end":{"line":28,"column":1}},"4":{"start":{"line":26,"column":2},"end":{"line":26,"column":84}},"5":{"start":{"line":27,"column":2},"end":{"line":27,"column":18}}},"fnMap":{},"branchMap":{"0":{"loc":{"start":{"line":22,"column":10},"end":{"line":22,"column":44}},"type":"binary-expr","locations":[{"start":{"line":22,"column":10},"end":{"line":22,"column":24}},{"start":{"line":22,"column":28},"end":{"line":22,"column":44}}],"line":22},"1":{"loc":{"start":{"line":25,"column":0},"end":{"line":28,"column":1}},"type":"if","locations":[{"start":{"line":25,"column":0},"end":{"line":28,"column":1}},{"start":{"line":25,"column":0},"end":{"line":28,"column":1}}],"line":25},"2":{"loc":{"start":{"line":25,"column":4},"end":{"line":25,"column":20}},"type":"binary-expr","locations":[{"start":{"line":25,"column":4},"end":{"line":25,"column":10}},{"start":{"line":25,"column":14},"end":{"line":25,"column":20}}],"line":25}},"s":{"0":1,"1":1,"2":1,"3":1,"4":0,"5":0},"f":{},"b":{"0":[1,1],"1":[0,1],"2":[1,0]},"_coverageSchema":"43e27e138ebf9cfc5966b082cf9a028302ed4184","hash":"c58cee7bb8223b082012eb233be13dca80159a2a","contentHash":"7ea5dfe675ed379b3dfdc861a079434f98ac68d6fc7555715e1d56cd4f692984"},"/home/chris/kibana/src/setup_node_env/root/force.js":{"path":"/home/chris/kibana/src/setup_node_env/root/force.js","statementMap":{"0":{"start":{"line":20,"column":0},"end":{"line":25,"column":2}},"1":{"start":{"line":21,"column":18},"end":{"line":21,"column":46}},"2":{"start":{"line":22,"column":14},"end":{"line":22,"column":28}},"3":{"start":{"line":23,"column":2},"end":{"line":23,"column":39}},"4":{"start":{"line":23,"column":13},"end":{"line":23,"column":39}},"5":{"start":{"line":24,"column":2},"end":{"line":24,"column":15}}},"fnMap":{"0":{"name":"(anonymous_0)","decl":{"start":{"line":20,"column":17},"end":{"line":20,"column":18}},"loc":{"start":{"line":20,"column":33},"end":{"line":25,"column":1}},"line":20}},"branchMap":{"0":{"loc":{"start":{"line":23,"column":2},"end":{"line":23,"column":39}},"type":"if","locations":[{"start":{"line":23,"column":2},"end":{"line":23,"column":39}},{"start":{"line":23,"column":2},"end":{"line":23,"column":39}}],"line":23}},"s":{"0":1,"1":1,"2":1,"3":1,"4":0,"5":1},"f":{"0":1},"b":{"0":[0,1]},"_coverageSchema":"43e27e138ebf9cfc5966b082cf9a028302ed4184","hash":"396062dc9049a8c1c068afd1ae70b9d78b2785a0","contentHash":"7d578758aaf3dd7fa2be554728e647fa15ace6bdaeaf15e33967ff40b3355955"},"/home/chris/kibana/src/setup_node_env/root/is_root.js":{"path":"/home/chris/kibana/src/setup_node_env/root/is_root.js","statementMap":{"0":{"start":{"line":20,"column":0},"end":{"line":22,"column":2}},"1":{"start":{"line":21,"column":2},"end":{"line":21,"column":19}}},"fnMap":{"0":{"name":"(anonymous_0)","decl":{"start":{"line":20,"column":17},"end":{"line":20,"column":18}},"loc":{"start":{"line":20,"column":32},"end":{"line":22,"column":1}},"line":20}},"branchMap":{},"s":{"0":1,"1":1},"f":{"0":1},"b":{},"_coverageSchema":"43e27e138ebf9cfc5966b082cf9a028302ed4184","hash":"58d842505a5cd56dccbfce63cee005d242b5570a","contentHash":"5211d120cb77dc7fac7ca93d5abb1017c393c94329cd52b05f2959ca4b65910f"},"/home/chris/kibana/src/setup_node_env/node_version_validator.js":{"path":"/home/chris/kibana/src/setup_node_env/node_version_validator.js","statementMap":{"0":{"start":{"line":20,"column":10},"end":{"line":20,"column":39}},"1":{"start":{"line":24,"column":21},"end":{"line":24,"column":57}},"2":{"start":{"line":25,"column":25},"end":{"line":25,"column":73}},"3":{"start":{"line":26,"column":22},"end":{"line":26,"column":88}},"4":{"start":{"line":27,"column":21},"end":{"line":27,"column":96}},"5":{"start":{"line":30,"column":0},"end":{"line":41,"column":1}},"6":{"start":{"line":32,"column":4},"end":{"line":36,"column":7}},"7":{"start":{"line":39,"column":2},"end":{"line":39,"column":30}},"8":{"start":{"line":40,"column":2},"end":{"line":40,"column":18}}},"fnMap":{},"branchMap":{"0":{"loc":{"start":{"line":24,"column":21},"end":{"line":24,"column":57}},"type":"binary-expr","locations":[{"start":{"line":24,"column":22},"end":{"line":24,"column":29}},{"start":{"line":24,"column":33},"end":{"line":24,"column":48}},{"start":{"line":24,"column":53},"end":{"line":24,"column":57}}],"line":24},"1":{"loc":{"start":{"line":25,"column":25},"end":{"line":25,"column":73}},"type":"binary-expr","locations":[{"start":{"line":25,"column":26},"end":{"line":25,"column":29}},{"start":{"line":25,"column":33},"end":{"line":25,"column":44}},{"start":{"line":25,"column":48},"end":{"line":25,"column":64}},{"start":{"line":25,"column":69},"end":{"line":25,"column":73}}],"line":25},"2":{"loc":{"start":{"line":26,"column":22},"end":{"line":26,"column":88}},"type":"cond-expr","locations":[{"start":{"line":26,"column":43},"end":{"line":26,"column":67}},{"start":{"line":26,"column":70},"end":{"line":26,"column":88}}],"line":26},"3":{"loc":{"start":{"line":27,"column":21},"end":{"line":27,"column":96}},"type":"binary-expr","locations":[{"start":{"line":27,"column":21},"end":{"line":27,"column":37}},{"start":{"line":27,"column":41},"end":{"line":27,"column":58}},{"start":{"line":27,"column":62},"end":{"line":27,"column":96}}],"line":27},"4":{"loc":{"start":{"line":30,"column":0},"end":{"line":41,"column":1}},"type":"if","locations":[{"start":{"line":30,"column":0},"end":{"line":41,"column":1}},{"start":{"line":30,"column":0},"end":{"line":41,"column":1}}],"line":30}},"s":{"0":1,"1":1,"2":1,"3":1,"4":1,"5":1,"6":0,"7":0,"8":0},"f":{},"b":{"0":[1,1,0],"1":[1,1,1,0],"2":[1,0],"3":[1,1,1],"4":[0,1]},"_coverageSchema":"43e27e138ebf9cfc5966b082cf9a028302ed4184","hash":"36ff7be0b913bf2fa4e805b8a9b8e9e25b714bd6","contentHash":"3380e85cb4e37e9ce2fd62dad34acdbf67c2c5d2bd93e630686719bf2da7eaf8"},"/home/chris/kibana/src/setup_node_env/babel_register/index.js":{"path":"/home/chris/kibana/src/setup_node_env/babel_register/index.js","statementMap":{"0":{"start":{"line":23,"column":0},"end":{"line":23,"column":22}},"1":{"start":{"line":24,"column":0},"end":{"line":24,"column":22}}},"fnMap":{},"branchMap":{},"s":{"0":1,"1":1},"f":{},"b":{},"_coverageSchema":"43e27e138ebf9cfc5966b082cf9a028302ed4184","hash":"269034bb421a230fc484242c1117ed760efcd8a7","contentHash":"dcebc70ddbdf88cb9b29914bc256c1b4a75f8246db62fcd4b45203164132394e"},"/home/chris/kibana/src/setup_node_env/babel_register/register.js":{"path":"/home/chris/kibana/src/setup_node_env/babel_register/register.js","statementMap":{"0":{"start":{"line":20,"column":14},"end":{"line":20,"column":37}},"1":{"start":{"line":24,"column":0},"end":{"line":26,"column":1}},"2":{"start":{"line":25,"column":2},"end":{"line":25,"column":100}},"3":{"start":{"line":29,"column":13},"end":{"line":46,"column":1}},"4":{"start":{"line":48,"column":0},"end":{"line":65,"column":1}},"5":{"start":{"line":57,"column":2},"end":{"line":57,"column":50}},"6":{"start":{"line":59,"column":2},"end":{"line":64,"column":4}},"7":{"start":{"line":69,"column":0},"end":{"line":74,"column":3}}},"fnMap":{},"branchMap":{"0":{"loc":{"start":{"line":24,"column":0},"end":{"line":26,"column":1}},"type":"if","locations":[{"start":{"line":24,"column":0},"end":{"line":26,"column":1}},{"start":{"line":24,"column":0},"end":{"line":26,"column":1}}],"line":24},"1":{"loc":{"start":{"line":48,"column":0},"end":{"line":65,"column":1}},"type":"if","locations":[{"start":{"line":48,"column":0},"end":{"line":65,"column":1}},{"start":{"line":48,"column":0},"end":{"line":65,"column":1}}],"line":48}},"s":{"0":1,"1":1,"2":0,"3":1,"4":1,"5":0,"6":1,"7":1},"f":{},"b":{"0":[0,1],"1":[0,1]},"_coverageSchema":"43e27e138ebf9cfc5966b082cf9a028302ed4184","hash":"f1c032d77d46145e15a2f107c45c47a3d03882c5","contentHash":"b60a532fbfa21e4f0c7c9988eab20791cac83494417a5cabc53bbe598b8cc347"},"/home/chris/kibana/packages/kbn-babel-preset/node_preset.js":{"path":"/home/chris/kibana/packages/kbn-babel-preset/node_preset.js","statementMap":{"0":{"start":{"line":20,"column":0},"end":{"line":79,"column":2}},"1":{"start":{"line":21,"column":20},"end":{"line":21,"column":22}},"2":{"start":{"line":22,"column":2},"end":{"line":36,"column":3}},"3":{"start":{"line":23,"column":4},"end":{"line":35,"column":7}},"4":{"start":{"line":38,"column":2},"end":{"line":78,"column":4}}},"fnMap":{"0":{"name":"(anonymous_0)","decl":{"start":{"line":20,"column":17},"end":{"line":20,"column":18}},"loc":{"start":{"line":20,"column":38},"end":{"line":79,"column":1}},"line":20}},"branchMap":{"0":{"loc":{"start":{"line":20,"column":21},"end":{"line":20,"column":33}},"type":"default-arg","locations":[{"start":{"line":20,"column":31},"end":{"line":20,"column":33}}],"line":20},"1":{"loc":{"start":{"line":22,"column":2},"end":{"line":36,"column":3}},"type":"if","locations":[{"start":{"line":22,"column":2},"end":{"line":36,"column":3}},{"start":{"line":22,"column":2},"end":{"line":36,"column":3}}],"line":22},"2":{"loc":{"start":{"line":64,"column":14},"end":{"line":64,"column":48}},"type":"binary-expr","locations":[{"start":{"line":64,"column":14},"end":{"line":64,"column":42}},{"start":{"line":64,"column":46},"end":{"line":64,"column":48}}],"line":64}},"s":{"0":1,"1":1,"2":1,"3":1,"4":1},"f":{"0":1},"b":{"0":[0],"1":[1,0],"2":[1,1]},"_coverageSchema":"43e27e138ebf9cfc5966b082cf9a028302ed4184","hash":"710028e0c43c36c4ae03466ebc83e0b842cdd431","contentHash":"a8de5c4882ee39daad79421bcb60630dcd2c6f7b402730395d889287d0cc007f"},"/home/chris/kibana/packages/kbn-babel-preset/common_preset.js":{"path":"/home/chris/kibana/packages/kbn-babel-preset/common_preset.js","statementMap":{"0":{"start":{"line":20,"column":16},"end":{"line":37,"column":1}},"1":{"start":{"line":39,"column":0},"end":{"line":45,"column":2}}},"fnMap":{},"branchMap":{},"s":{"0":1,"1":1},"f":{},"b":{},"_coverageSchema":"43e27e138ebf9cfc5966b082cf9a028302ed4184","hash":"38f7d4b40c096e9641fc69d683ce7fc8be3b63e8","contentHash":"bf93189d89b2a396eb00f3f69d7905d2b1329f0b1ea2efb22e2e0a040c437688"},"/home/chris/kibana/src/setup_node_env/babel_register/polyfill.js":{"path":"/home/chris/kibana/src/setup_node_env/babel_register/polyfill.js","statementMap":{"0":{"start":{"line":3,"column":0},"end":{"line":3,"column":49}},"1":{"start":{"line":5,"column":0},"end":{"line":5,"column":47}},"2":{"start":{"line":7,"column":0},"end":{"line":7,"column":41}},"3":{"start":{"line":9,"column":0},"end":{"line":9,"column":45}},"4":{"start":{"line":11,"column":0},"end":{"line":11,"column":53}},"5":{"start":{"line":13,"column":0},"end":{"line":13,"column":57}},"6":{"start":{"line":15,"column":0},"end":{"line":15,"column":41}},"7":{"start":{"line":17,"column":0},"end":{"line":17,"column":50}},"8":{"start":{"line":19,"column":0},"end":{"line":19,"column":50}},"9":{"start":{"line":21,"column":0},"end":{"line":21,"column":47}},"10":{"start":{"line":23,"column":0},"end":{"line":23,"column":47}}},"fnMap":{},"branchMap":{},"s":{"0":1,"1":1,"2":1,"3":1,"4":1,"5":1,"6":1,"7":1,"8":1,"9":1,"10":1},"f":{},"b":{},"_coverageSchema":"43e27e138ebf9cfc5966b082cf9a028302ed4184","hash":"19c1bda10dfa703b9ba7611c5506e2eed1558afd","contentHash":"f51a069750350220a8c33d81309334b5644b3397e2412f3db963524fe6a577ea"},"/home/chris/kibana/packages/kbn-test/target/index.js":{"path":"/home/chris/kibana/packages/kbn-test/target/index.js","statementMap":{"0":{"start":{"line":3,"column":0},"end":{"line":5,"column":3}},"1":{"start":{"line":6,"column":0},"end":{"line":11,"column":3}},"2":{"start":{"line":9,"column":4},"end":{"line":9,"column":28}},"3":{"start":{"line":12,"column":0},"end":{"line":17,"column":3}},"4":{"start":{"line":15,"column":4},"end":{"line":15,"column":42}},"5":{"start":{"line":18,"column":0},"end":{"line":23,"column":3}},"6":{"start":{"line":21,"column":4},"end":{"line":21,"column":32}},"7":{"start":{"line":24,"column":0},"end":{"line":29,"column":3}},"8":{"start":{"line":27,"column":4},"end":{"line":27,"column":46}},"9":{"start":{"line":30,"column":0},"end":{"line":35,"column":3}},"10":{"start":{"line":33,"column":4},"end":{"line":33,"column":27}},"11":{"start":{"line":36,"column":0},"end":{"line":41,"column":3}},"12":{"start":{"line":39,"column":4},"end":{"line":39,"column":31}},"13":{"start":{"line":42,"column":0},"end":{"line":47,"column":3}},"14":{"start":{"line":45,"column":4},"end":{"line":45,"column":38}},"15":{"start":{"line":48,"column":0},"end":{"line":53,"column":3}},"16":{"start":{"line":51,"column":4},"end":{"line":51,"column":30}},"17":{"start":{"line":54,"column":0},"end":{"line":59,"column":3}},"18":{"start":{"line":57,"column":4},"end":{"line":57,"column":35}},"19":{"start":{"line":60,"column":0},"end":{"line":65,"column":3}},"20":{"start":{"line":63,"column":4},"end":{"line":63,"column":48}},"21":{"start":{"line":66,"column":0},"end":{"line":71,"column":3}},"22":{"start":{"line":69,"column":4},"end":{"line":69,"column":30}},"23":{"start":{"line":72,"column":0},"end":{"line":77,"column":3}},"24":{"start":{"line":75,"column":4},"end":{"line":75,"column":37}},"25":{"start":{"line":78,"column":0},"end":{"line":83,"column":3}},"26":{"start":{"line":81,"column":4},"end":{"line":81,"column":31}},"27":{"start":{"line":84,"column":0},"end":{"line":89,"column":3}},"28":{"start":{"line":87,"column":4},"end":{"line":87,"column":30}},"29":{"start":{"line":90,"column":0},"end":{"line":95,"column":3}},"30":{"start":{"line":93,"column":4},"end":{"line":93,"column":28}},"31":{"start":{"line":96,"column":0},"end":{"line":101,"column":3}},"32":{"start":{"line":99,"column":4},"end":{"line":99,"column":40}},"33":{"start":{"line":102,"column":0},"end":{"line":107,"column":3}},"34":{"start":{"line":105,"column":4},"end":{"line":105,"column":44}},"35":{"start":{"line":108,"column":0},"end":{"line":113,"column":3}},"36":{"start":{"line":111,"column":4},"end":{"line":111,"column":27}},"37":{"start":{"line":114,"column":0},"end":{"line":119,"column":3}},"38":{"start":{"line":117,"column":4},"end":{"line":117,"column":60}},"39":{"start":{"line":120,"column":0},"end":{"line":125,"column":3}},"40":{"start":{"line":123,"column":4},"end":{"line":123,"column":50}},"41":{"start":{"line":127,"column":11},"end":{"line":127,"column":44}},"42":{"start":{"line":129,"column":13},"end":{"line":129,"column":48}},"43":{"start":{"line":131,"column":13},"end":{"line":131,"column":52}},"44":{"start":{"line":133,"column":17},"end":{"line":133,"column":39}},"45":{"start":{"line":135,"column":11},"end":{"line":135,"column":27}},"46":{"start":{"line":137,"column":12},"end":{"line":137,"column":50}},"47":{"start":{"line":139,"column":24},"end":{"line":139,"column":87}},"48":{"start":{"line":141,"column":12},"end":{"line":141,"column":51}},"49":{"start":{"line":143,"column":29},"end":{"line":143,"column":63}},"50":{"start":{"line":145,"column":25},"end":{"line":145,"column":55}}},"fnMap":{"0":{"name":"(anonymous_0)","decl":{"start":{"line":8,"column":7},"end":{"line":8,"column":8}},"loc":{"start":{"line":8,"column":19},"end":{"line":10,"column":3}},"line":8},"1":{"name":"(anonymous_1)","decl":{"start":{"line":14,"column":7},"end":{"line":14,"column":8}},"loc":{"start":{"line":14,"column":19},"end":{"line":16,"column":3}},"line":14},"2":{"name":"(anonymous_2)","decl":{"start":{"line":20,"column":7},"end":{"line":20,"column":8}},"loc":{"start":{"line":20,"column":19},"end":{"line":22,"column":3}},"line":20},"3":{"name":"(anonymous_3)","decl":{"start":{"line":26,"column":7},"end":{"line":26,"column":8}},"loc":{"start":{"line":26,"column":19},"end":{"line":28,"column":3}},"line":26},"4":{"name":"(anonymous_4)","decl":{"start":{"line":32,"column":7},"end":{"line":32,"column":8}},"loc":{"start":{"line":32,"column":19},"end":{"line":34,"column":3}},"line":32},"5":{"name":"(anonymous_5)","decl":{"start":{"line":38,"column":7},"end":{"line":38,"column":8}},"loc":{"start":{"line":38,"column":19},"end":{"line":40,"column":3}},"line":38},"6":{"name":"(anonymous_6)","decl":{"start":{"line":44,"column":7},"end":{"line":44,"column":8}},"loc":{"start":{"line":44,"column":19},"end":{"line":46,"column":3}},"line":44},"7":{"name":"(anonymous_7)","decl":{"start":{"line":50,"column":7},"end":{"line":50,"column":8}},"loc":{"start":{"line":50,"column":19},"end":{"line":52,"column":3}},"line":50},"8":{"name":"(anonymous_8)","decl":{"start":{"line":56,"column":7},"end":{"line":56,"column":8}},"loc":{"start":{"line":56,"column":19},"end":{"line":58,"column":3}},"line":56},"9":{"name":"(anonymous_9)","decl":{"start":{"line":62,"column":7},"end":{"line":62,"column":8}},"loc":{"start":{"line":62,"column":19},"end":{"line":64,"column":3}},"line":62},"10":{"name":"(anonymous_10)","decl":{"start":{"line":68,"column":7},"end":{"line":68,"column":8}},"loc":{"start":{"line":68,"column":19},"end":{"line":70,"column":3}},"line":68},"11":{"name":"(anonymous_11)","decl":{"start":{"line":74,"column":7},"end":{"line":74,"column":8}},"loc":{"start":{"line":74,"column":19},"end":{"line":76,"column":3}},"line":74},"12":{"name":"(anonymous_12)","decl":{"start":{"line":80,"column":7},"end":{"line":80,"column":8}},"loc":{"start":{"line":80,"column":19},"end":{"line":82,"column":3}},"line":80},"13":{"name":"(anonymous_13)","decl":{"start":{"line":86,"column":7},"end":{"line":86,"column":8}},"loc":{"start":{"line":86,"column":19},"end":{"line":88,"column":3}},"line":86},"14":{"name":"(anonymous_14)","decl":{"start":{"line":92,"column":7},"end":{"line":92,"column":8}},"loc":{"start":{"line":92,"column":19},"end":{"line":94,"column":3}},"line":92},"15":{"name":"(anonymous_15)","decl":{"start":{"line":98,"column":7},"end":{"line":98,"column":8}},"loc":{"start":{"line":98,"column":19},"end":{"line":100,"column":3}},"line":98},"16":{"name":"(anonymous_16)","decl":{"start":{"line":104,"column":7},"end":{"line":104,"column":8}},"loc":{"start":{"line":104,"column":19},"end":{"line":106,"column":3}},"line":104},"17":{"name":"(anonymous_17)","decl":{"start":{"line":110,"column":7},"end":{"line":110,"column":8}},"loc":{"start":{"line":110,"column":19},"end":{"line":112,"column":3}},"line":110},"18":{"name":"(anonymous_18)","decl":{"start":{"line":116,"column":7},"end":{"line":116,"column":8}},"loc":{"start":{"line":116,"column":19},"end":{"line":118,"column":3}},"line":116},"19":{"name":"(anonymous_19)","decl":{"start":{"line":122,"column":7},"end":{"line":122,"column":8}},"loc":{"start":{"line":122,"column":19},"end":{"line":124,"column":3}},"line":122}},"branchMap":{},"s":{"0":1,"1":1,"2":0,"3":1,"4":0,"5":1,"6":0,"7":1,"8":0,"9":1,"10":0,"11":1,"12":0,"13":1,"14":0,"15":1,"16":0,"17":1,"18":0,"19":1,"20":0,"21":1,"22":0,"23":1,"24":0,"25":1,"26":0,"27":1,"28":0,"29":1,"30":0,"31":1,"32":0,"33":1,"34":0,"35":1,"36":1,"37":1,"38":0,"39":1,"40":0,"41":1,"42":1,"43":1,"44":1,"45":1,"46":1,"47":1,"48":1,"49":1,"50":1},"f":{"0":0,"1":0,"2":0,"3":0,"4":0,"5":0,"6":0,"7":0,"8":0,"9":0,"10":0,"11":0,"12":0,"13":0,"14":0,"15":0,"16":0,"17":1,"18":0,"19":0},"b":{},"_coverageSchema":"43e27e138ebf9cfc5966b082cf9a028302ed4184","hash":"d9ea360b9d276113f0f7c9530d8599e03e59f0b4","contentHash":"5cfcd775f3e2af224fe19882442fb4e000b665d8cdbade6a906dd25e01a097e3"},"/home/chris/kibana/packages/kbn-test/target/functional_tests/cli/index.js":{"path":"/home/chris/kibana/packages/kbn-test/target/functional_tests/cli/index.js","statementMap":{"0":{"start":{"line":3,"column":0},"end":{"line":5,"column":3}},"1":{"start":{"line":6,"column":0},"end":{"line":11,"column":3}},"2":{"start":{"line":9,"column":4},"end":{"line":9,"column":28}},"3":{"start":{"line":12,"column":0},"end":{"line":17,"column":3}},"4":{"start":{"line":15,"column":4},"end":{"line":15,"column":32}},"5":{"start":{"line":18,"column":0},"end":{"line":23,"column":3}},"6":{"start":{"line":21,"column":4},"end":{"line":21,"column":33}},"7":{"start":{"line":24,"column":0},"end":{"line":29,"column":3}},"8":{"start":{"line":27,"column":4},"end":{"line":27,"column":33}},"9":{"start":{"line":31,"column":11},"end":{"line":31,"column":37}},"10":{"start":{"line":33,"column":12},"end":{"line":33,"column":39}},"11":{"start":{"line":35,"column":12},"end":{"line":35,"column":42}},"12":{"start":{"line":37,"column":13},"end":{"line":37,"column":44}}},"fnMap":{"0":{"name":"(anonymous_0)","decl":{"start":{"line":8,"column":7},"end":{"line":8,"column":8}},"loc":{"start":{"line":8,"column":19},"end":{"line":10,"column":3}},"line":8},"1":{"name":"(anonymous_1)","decl":{"start":{"line":14,"column":7},"end":{"line":14,"column":8}},"loc":{"start":{"line":14,"column":19},"end":{"line":16,"column":3}},"line":14},"2":{"name":"(anonymous_2)","decl":{"start":{"line":20,"column":7},"end":{"line":20,"column":8}},"loc":{"start":{"line":20,"column":19},"end":{"line":22,"column":3}},"line":20},"3":{"name":"(anonymous_3)","decl":{"start":{"line":26,"column":7},"end":{"line":26,"column":8}},"loc":{"start":{"line":26,"column":19},"end":{"line":28,"column":3}},"line":26}},"branchMap":{},"s":{"0":1,"1":1,"2":0,"3":1,"4":0,"5":1,"6":0,"7":1,"8":0,"9":1,"10":1,"11":1,"12":1},"f":{"0":0,"1":0,"2":0,"3":0},"b":{},"_coverageSchema":"43e27e138ebf9cfc5966b082cf9a028302ed4184","hash":"8002b835bc898b562a5dab7a6c945f98a7667f04","contentHash":"253880952d1ad3664971d75e72787b3c5c783425b388713e4a576b903dc62f63"},"/home/chris/kibana/packages/kbn-test/target/functional_tests/cli/run_tests/cli.js":{"path":"/home/chris/kibana/packages/kbn-test/target/functional_tests/cli/run_tests/cli.js","statementMap":{"0":{"start":{"line":3,"column":0},"end":{"line":5,"column":3}},"1":{"start":{"line":6,"column":0},"end":{"line":6,"column":34}},"2":{"start":{"line":8,"column":13},"end":{"line":8,"column":35}},"3":{"start":{"line":10,"column":11},"end":{"line":10,"column":31}},"4":{"start":{"line":12,"column":12},"end":{"line":12,"column":29}},"5":{"start":{"line":42,"column":2},"end":{"line":45,"column":5}},"6":{"start":{"line":43,"column":20},"end":{"line":43,"column":78}},"7":{"start":{"line":44,"column":4},"end":{"line":44,"column":40}}},"fnMap":{"0":{"name":"runTestsCli","decl":{"start":{"line":41,"column":15},"end":{"line":41,"column":26}},"loc":{"start":{"line":41,"column":47},"end":{"line":46,"column":1}},"line":41},"1":{"name":"(anonymous_1)","decl":{"start":{"line":42,"column":44},"end":{"line":42,"column":45}},"loc":{"start":{"line":42,"column":65},"end":{"line":45,"column":3}},"line":42}},"branchMap":{},"s":{"0":1,"1":1,"2":1,"3":1,"4":1,"5":0,"6":0,"7":0},"f":{"0":0,"1":0},"b":{},"_coverageSchema":"43e27e138ebf9cfc5966b082cf9a028302ed4184","hash":"78ee2a5f58db4dc88e5d151f6fac1e962ab528e3","contentHash":"9d3c78a6e000c627a9c0cf21a3ba5034e4f1fa54567789f3d444ce9ade0dcf4f"},"/home/chris/kibana/packages/kbn-test/target/functional_tests/tasks.js":{"path":"/home/chris/kibana/packages/kbn-test/target/functional_tests/tasks.js","statementMap":{"0":{"start":{"line":3,"column":0},"end":{"line":5,"column":3}},"1":{"start":{"line":6,"column":0},"end":{"line":6,"column":28}},"2":{"start":{"line":7,"column":0},"end":{"line":7,"column":36}},"3":{"start":{"line":9,"column":12},"end":{"line":9,"column":27}},"4":{"start":{"line":11,"column":9},"end":{"line":11,"column":49}},"5":{"start":{"line":13,"column":17},"end":{"line":13,"column":42}},"6":{"start":{"line":15,"column":16},"end":{"line":15,"column":41}},"7":{"start":{"line":17,"column":14},"end":{"line":17,"column":55}},"8":{"start":{"line":19,"column":11},"end":{"line":19,"column":27}},"9":{"start":{"line":21,"column":12},"end":{"line":21,"column":52}},"10":{"start":{"line":23,"column":39},"end":{"line":23,"column":93}},"11":{"start":{"line":25,"column":40},"end":{"line":25,"column":470}},"12":{"start":{"line":25,"column":69},"end":{"line":25,"column":80}},"13":{"start":{"line":25,"column":103},"end":{"line":25,"column":105}},"14":{"start":{"line":25,"column":107},"end":{"line":25,"column":431}},"15":{"start":{"line":25,"column":126},"end":{"line":25,"column":429}},"16":{"start":{"line":25,"column":149},"end":{"line":25,"column":427}},"17":{"start":{"line":25,"column":214},"end":{"line":25,"column":319}},"18":{"start":{"line":25,"column":321},"end":{"line":25,"column":425}},"19":{"start":{"line":25,"column":349},"end":{"line":25,"column":390}},"20":{"start":{"line":25,"column":400},"end":{"line":25,"column":423}},"21":{"start":{"line":25,"column":432},"end":{"line":25,"column":453}},"22":{"start":{"line":25,"column":454},"end":{"line":25,"column":468}},"23":{"start":{"line":45,"column":27},"end":{"line":53,"column":1}},"24":{"start":{"line":46,"column":25},"end":{"line":46,"column":96}},"25":{"start":{"line":47,"column":2},"end":{"line":52,"column":15}},"26":{"start":{"line":66,"column":2},"end":{"line":75,"column":3}},"27":{"start":{"line":67,"column":16},"end":{"line":67,"column":38}},"28":{"start":{"line":68,"column":4},"end":{"line":68,"column":26}},"29":{"start":{"line":69,"column":4},"end":{"line":69,"column":26}},"30":{"start":{"line":70,"column":4},"end":{"line":70,"column":26}},"31":{"start":{"line":71,"column":4},"end":{"line":71,"column":124}},"32":{"start":{"line":72,"column":4},"end":{"line":72,"column":26}},"33":{"start":{"line":73,"column":4},"end":{"line":73,"column":26}},"34":{"start":{"line":74,"column":4},"end":{"line":74,"column":26}},"35":{"start":{"line":77,"column":2},"end":{"line":129,"column":3}},"36":{"start":{"line":78,"column":16},"end":{"line":78,"column":38}},"37":{"start":{"line":79,"column":17},"end":{"line":81,"column":5}},"38":{"start":{"line":82,"column":4},"end":{"line":82,"column":36}},"39":{"start":{"line":83,"column":4},"end":{"line":83,"column":18}},"40":{"start":{"line":85,"column":4},"end":{"line":91,"column":5}},"41":{"start":{"line":86,"column":6},"end":{"line":89,"column":9}},"42":{"start":{"line":90,"column":6},"end":{"line":90,"column":15}},"43":{"start":{"line":93,"column":4},"end":{"line":99,"column":5}},"44":{"start":{"line":97,"column":6},"end":{"line":97,"column":71}},"45":{"start":{"line":98,"column":6},"end":{"line":98,"column":15}},"46":{"start":{"line":101,"column":4},"end":{"line":128,"column":7}},"47":{"start":{"line":102,"column":21},"end":{"line":102,"column":69}},"48":{"start":{"line":105,"column":6},"end":{"line":127,"column":7}},"49":{"start":{"line":106,"column":8},"end":{"line":109,"column":11}},"50":{"start":{"line":110,"column":8},"end":{"line":114,"column":11}},"51":{"start":{"line":115,"column":8},"end":{"line":118,"column":11}},"52":{"start":{"line":120,"column":8},"end":{"line":126,"column":9}},"53":{"start":{"line":121,"column":10},"end":{"line":121,"column":37}},"54":{"start":{"line":123,"column":10},"end":{"line":125,"column":11}},"55":{"start":{"line":124,"column":12},"end":{"line":124,"column":31}},"56":{"start":{"line":142,"column":14},"end":{"line":142,"column":36}},"57":{"start":{"line":143,"column":15},"end":{"line":145,"column":3}},"58":{"start":{"line":146,"column":2},"end":{"line":165,"column":5}},"59":{"start":{"line":147,"column":19},"end":{"line":147,"column":71}},"60":{"start":{"line":148,"column":15},"end":{"line":151,"column":6}},"61":{"start":{"line":152,"column":4},"end":{"line":158,"column":7}},"62":{"start":{"line":161,"column":4},"end":{"line":161,"column":29}},"63":{"start":{"line":162,"column":4},"end":{"line":162,"column":45}},"64":{"start":{"line":163,"column":4},"end":{"line":163,"column":35}},"65":{"start":{"line":164,"column":4},"end":{"line":164,"column":23}},"66":{"start":{"line":169,"column":2},"end":{"line":169,"column":158}},"67":{"start":{"line":169,"column":96},"end":{"line":169,"column":118}}},"fnMap":{"0":{"name":"_interopRequireDefault","decl":{"start":{"line":23,"column":9},"end":{"line":23,"column":31}},"loc":{"start":{"line":23,"column":37},"end":{"line":23,"column":95}},"line":23},"1":{"name":"_interopRequireWildcard","decl":{"start":{"line":25,"column":9},"end":{"line":25,"column":32}},"loc":{"start":{"line":25,"column":38},"end":{"line":25,"column":472}},"line":25},"2":{"name":"(anonymous_2)","decl":{"start":{"line":45,"column":27},"end":{"line":45,"column":28}},"loc":{"start":{"line":45,"column":38},"end":{"line":53,"column":1}},"line":45},"3":{"name":"runTests","decl":{"start":{"line":65,"column":15},"end":{"line":65,"column":23}},"loc":{"start":{"line":65,"column":33},"end":{"line":130,"column":1}},"line":65},"4":{"name":"(anonymous_4)","decl":{"start":{"line":101,"column":45},"end":{"line":101,"column":46}},"loc":{"start":{"line":101,"column":60},"end":{"line":128,"column":5}},"line":101},"5":{"name":"startServers","decl":{"start":{"line":141,"column":15},"end":{"line":141,"column":27}},"loc":{"start":{"line":141,"column":37},"end":{"line":166,"column":1}},"line":141},"6":{"name":"(anonymous_6)","decl":{"start":{"line":146,"column":43},"end":{"line":146,"column":44}},"loc":{"start":{"line":146,"column":58},"end":{"line":165,"column":3}},"line":146},"7":{"name":"silence","decl":{"start":{"line":168,"column":15},"end":{"line":168,"column":22}},"loc":{"start":{"line":168,"column":42},"end":{"line":170,"column":1}},"line":168},"8":{"name":"(anonymous_8)","decl":{"start":{"line":169,"column":90},"end":{"line":169,"column":91}},"loc":{"start":{"line":169,"column":96},"end":{"line":169,"column":118}},"line":169}},"branchMap":{"0":{"loc":{"start":{"line":23,"column":46},"end":{"line":23,"column":92}},"type":"cond-expr","locations":[{"start":{"line":23,"column":70},"end":{"line":23,"column":73}},{"start":{"line":23,"column":76},"end":{"line":23,"column":92}}],"line":23},"1":{"loc":{"start":{"line":23,"column":46},"end":{"line":23,"column":67}},"type":"binary-expr","locations":[{"start":{"line":23,"column":46},"end":{"line":23,"column":49}},{"start":{"line":23,"column":53},"end":{"line":23,"column":67}}],"line":23},"2":{"loc":{"start":{"line":25,"column":40},"end":{"line":25,"column":470}},"type":"if","locations":[{"start":{"line":25,"column":40},"end":{"line":25,"column":470}},{"start":{"line":25,"column":40},"end":{"line":25,"column":470}}],"line":25},"3":{"loc":{"start":{"line":25,"column":44},"end":{"line":25,"column":65}},"type":"binary-expr","locations":[{"start":{"line":25,"column":44},"end":{"line":25,"column":47}},{"start":{"line":25,"column":51},"end":{"line":25,"column":65}}],"line":25},"4":{"loc":{"start":{"line":25,"column":107},"end":{"line":25,"column":431}},"type":"if","locations":[{"start":{"line":25,"column":107},"end":{"line":25,"column":431}},{"start":{"line":25,"column":107},"end":{"line":25,"column":431}}],"line":25},"5":{"loc":{"start":{"line":25,"column":149},"end":{"line":25,"column":427}},"type":"if","locations":[{"start":{"line":25,"column":149},"end":{"line":25,"column":427}},{"start":{"line":25,"column":149},"end":{"line":25,"column":427}}],"line":25},"6":{"loc":{"start":{"line":25,"column":214},"end":{"line":25,"column":319}},"type":"cond-expr","locations":[{"start":{"line":25,"column":273},"end":{"line":25,"column":314}},{"start":{"line":25,"column":317},"end":{"line":25,"column":319}}],"line":25},"7":{"loc":{"start":{"line":25,"column":214},"end":{"line":25,"column":270}},"type":"binary-expr","locations":[{"start":{"line":25,"column":214},"end":{"line":25,"column":235}},{"start":{"line":25,"column":239},"end":{"line":25,"column":270}}],"line":25},"8":{"loc":{"start":{"line":25,"column":321},"end":{"line":25,"column":425}},"type":"if","locations":[{"start":{"line":25,"column":321},"end":{"line":25,"column":425}},{"start":{"line":25,"column":321},"end":{"line":25,"column":425}}],"line":25},"9":{"loc":{"start":{"line":25,"column":325},"end":{"line":25,"column":345}},"type":"binary-expr","locations":[{"start":{"line":25,"column":325},"end":{"line":25,"column":333}},{"start":{"line":25,"column":337},"end":{"line":25,"column":345}}],"line":25},"10":{"loc":{"start":{"line":46,"column":25},"end":{"line":46,"column":96}},"type":"cond-expr","locations":[{"start":{"line":46,"column":46},"end":{"line":46,"column":91}},{"start":{"line":46,"column":94},"end":{"line":46,"column":96}}],"line":46},"11":{"loc":{"start":{"line":66,"column":2},"end":{"line":75,"column":3}},"type":"if","locations":[{"start":{"line":66,"column":2},"end":{"line":75,"column":3}},{"start":{"line":66,"column":2},"end":{"line":75,"column":3}}],"line":66},"12":{"loc":{"start":{"line":85,"column":4},"end":{"line":91,"column":5}},"type":"if","locations":[{"start":{"line":85,"column":4},"end":{"line":91,"column":5}},{"start":{"line":85,"column":4},"end":{"line":91,"column":5}}],"line":85},"13":{"loc":{"start":{"line":93,"column":4},"end":{"line":99,"column":5}},"type":"if","locations":[{"start":{"line":93,"column":4},"end":{"line":99,"column":5}},{"start":{"line":93,"column":4},"end":{"line":99,"column":5}}],"line":93},"14":{"loc":{"start":{"line":123,"column":10},"end":{"line":125,"column":11}},"type":"if","locations":[{"start":{"line":123,"column":10},"end":{"line":125,"column":11}},{"start":{"line":123,"column":10},"end":{"line":125,"column":11}}],"line":123},"15":{"loc":{"start":{"line":156,"column":52},"end":{"line":156,"column":106}},"type":"cond-expr","locations":[{"start":{"line":156,"column":73},"end":{"line":156,"column":75}},{"start":{"line":156,"column":78},"end":{"line":156,"column":106}}],"line":156}},"s":{"0":1,"1":1,"2":1,"3":1,"4":1,"5":1,"6":1,"7":1,"8":1,"9":1,"10":1,"11":1,"12":1,"13":0,"14":0,"15":0,"16":0,"17":0,"18":0,"19":0,"20":0,"21":0,"22":0,"23":1,"24":0,"25":0,"26":0,"27":0,"28":0,"29":0,"30":0,"31":0,"32":0,"33":0,"34":0,"35":0,"36":0,"37":0,"38":0,"39":0,"40":0,"41":0,"42":0,"43":0,"44":0,"45":0,"46":0,"47":0,"48":0,"49":0,"50":0,"51":0,"52":0,"53":0,"54":0,"55":0,"56":0,"57":0,"58":0,"59":0,"60":0,"61":0,"62":0,"63":0,"64":0,"65":0,"66":0,"67":0},"f":{"0":1,"1":1,"2":0,"3":0,"4":0,"5":0,"6":0,"7":0,"8":0},"b":{"0":[0,1],"1":[1,1],"2":[1,0],"3":[1,1],"4":[0,0],"5":[0,0],"6":[0,0],"7":[0,0],"8":[0,0],"9":[0,0],"10":[0,0],"11":[0,0],"12":[0,0],"13":[0,0],"14":[0,0],"15":[0,0]},"_coverageSchema":"43e27e138ebf9cfc5966b082cf9a028302ed4184","hash":"737a8cac1196e3bf0dcd592cd46cc3360267a444","contentHash":"97729c7c065ca92fd68d7355b44e72257aeb62cba3d91f9b03091eedd0f360fe"},"/home/chris/kibana/packages/kbn-dev-utils/target/index.js":{"path":"/home/chris/kibana/packages/kbn-dev-utils/target/index.js","statementMap":{"0":{"start":{"line":20,"column":0},"end":{"line":20,"column":62}},"1":{"start":{"line":21,"column":16},"end":{"line":21,"column":32}},"2":{"start":{"line":22,"column":20},"end":{"line":22,"column":44}},"3":{"start":{"line":23,"column":0},"end":{"line":23,"column":54}},"4":{"start":{"line":24,"column":0},"end":{"line":24,"column":46}},"5":{"start":{"line":25,"column":0},"end":{"line":25,"column":56}},"6":{"start":{"line":26,"column":20},"end":{"line":26,"column":44}},"7":{"start":{"line":27,"column":0},"end":{"line":27,"column":82}},"8":{"start":{"line":28,"column":14},"end":{"line":28,"column":32}},"9":{"start":{"line":29,"column":0},"end":{"line":29,"column":44}},"10":{"start":{"line":30,"column":0},"end":{"line":30,"column":42}},"11":{"start":{"line":31,"column":0},"end":{"line":31,"column":44}},"12":{"start":{"line":32,"column":0},"end":{"line":32,"column":42}},"13":{"start":{"line":33,"column":0},"end":{"line":33,"column":50}},"14":{"start":{"line":34,"column":0},"end":{"line":34,"column":70}},"15":{"start":{"line":35,"column":0},"end":{"line":35,"column":64}},"16":{"start":{"line":36,"column":0},"end":{"line":36,"column":44}},"17":{"start":{"line":37,"column":0},"end":{"line":37,"column":46}},"18":{"start":{"line":38,"column":0},"end":{"line":38,"column":44}},"19":{"start":{"line":39,"column":0},"end":{"line":39,"column":52}},"20":{"start":{"line":40,"column":12},"end":{"line":40,"column":28}},"21":{"start":{"line":41,"column":0},"end":{"line":41,"column":24}},"22":{"start":{"line":42,"column":0},"end":{"line":42,"column":48}},"23":{"start":{"line":43,"column":0},"end":{"line":43,"column":48}},"24":{"start":{"line":44,"column":0},"end":{"line":44,"column":44}},"25":{"start":{"line":45,"column":0},"end":{"line":45,"column":40}},"26":{"start":{"line":46,"column":18},"end":{"line":46,"column":40}},"27":{"start":{"line":47,"column":0},"end":{"line":47,"column":42}},"28":{"start":{"line":48,"column":19},"end":{"line":48,"column":42}},"29":{"start":{"line":49,"column":0},"end":{"line":49,"column":43}},"30":{"start":{"line":50,"column":0},"end":{"line":50,"column":50}},"31":{"start":{"line":51,"column":0},"end":{"line":51,"column":62}}},"fnMap":{},"branchMap":{},"s":{"0":1,"1":1,"2":1,"3":1,"4":1,"5":1,"6":1,"7":1,"8":1,"9":1,"10":1,"11":1,"12":1,"13":1,"14":1,"15":1,"16":1,"17":1,"18":1,"19":1,"20":1,"21":1,"22":1,"23":1,"24":1,"25":1,"26":1,"27":1,"28":1,"29":1,"30":1,"31":1},"f":{},"b":{},"_coverageSchema":"43e27e138ebf9cfc5966b082cf9a028302ed4184","hash":"e9b2da71a925b302f706efc247fada4e1ad4ac74","contentHash":"d6968589a270b91f659bbebc34137fa412613fb453af04731a71962c8d862021"},"/home/chris/kibana/packages/kbn-dev-utils/target/proc_runner/index.js":{"path":"/home/chris/kibana/packages/kbn-dev-utils/target/proc_runner/index.js","statementMap":{"0":{"start":{"line":20,"column":0},"end":{"line":20,"column":62}},"1":{"start":{"line":21,"column":25},"end":{"line":21,"column":54}},"2":{"start":{"line":22,"column":0},"end":{"line":22,"column":59}},"3":{"start":{"line":23,"column":20},"end":{"line":23,"column":44}},"4":{"start":{"line":24,"column":0},"end":{"line":24,"column":46}}},"fnMap":{},"branchMap":{},"s":{"0":1,"1":1,"2":1,"3":1,"4":1},"f":{},"b":{},"_coverageSchema":"43e27e138ebf9cfc5966b082cf9a028302ed4184","hash":"dd2d6cbdb9b69a8bc4c796e984fef3680425df3e","contentHash":"6f3095f10cc9615c031e5bf7e7d71bdc26930c04c58b713dd6f3d0d62dfe18dc"},"/home/chris/kibana/packages/kbn-dev-utils/target/proc_runner/with_proc_runner.js":{"path":"/home/chris/kibana/packages/kbn-dev-utils/target/proc_runner/with_proc_runner.js","statementMap":{"0":{"start":{"line":20,"column":0},"end":{"line":20,"column":62}},"1":{"start":{"line":21,"column":22},"end":{"line":21,"column":46}},"2":{"start":{"line":32,"column":18},"end":{"line":32,"column":51}},"3":{"start":{"line":33,"column":4},"end":{"line":38,"column":5}},"4":{"start":{"line":34,"column":8},"end":{"line":34,"column":24}},"5":{"start":{"line":37,"column":8},"end":{"line":37,"column":31}},"6":{"start":{"line":40,"column":0},"end":{"line":40,"column":40}}},"fnMap":{"0":{"name":"withProcRunner","decl":{"start":{"line":31,"column":15},"end":{"line":31,"column":29}},"loc":{"start":{"line":31,"column":39},"end":{"line":39,"column":1}},"line":31}},"branchMap":{},"s":{"0":1,"1":1,"2":1,"3":1,"4":1,"5":0,"6":1},"f":{"0":1},"b":{},"_coverageSchema":"43e27e138ebf9cfc5966b082cf9a028302ed4184","hash":"aaae702ec32213a367621a2a027797ed4f7bf0ce","contentHash":"f4cbf94b849f3e5cee268ce396b1531faea0eb6651f1cf8f9d08c0d23f83b5c1"},"/home/chris/kibana/packages/kbn-dev-utils/target/proc_runner/proc_runner.js":{"path":"/home/chris/kibana/packages/kbn-dev-utils/target/proc_runner/proc_runner.js","statementMap":{"0":{"start":{"line":20,"column":0},"end":{"line":20,"column":62}},"1":{"start":{"line":21,"column":16},"end":{"line":21,"column":32}},"2":{"start":{"line":22,"column":17},"end":{"line":22,"column":59}},"3":{"start":{"line":23,"column":20},"end":{"line":23,"column":45}},"4":{"start":{"line":24,"column":20},"end":{"line":24,"column":65}},"5":{"start":{"line":25,"column":17},"end":{"line":25,"column":36}},"6":{"start":{"line":26,"column":15},"end":{"line":26,"column":32}},"7":{"start":{"line":27,"column":13},"end":{"line":27,"column":22}},"8":{"start":{"line":37,"column":8},"end":{"line":37,"column":23}},"9":{"start":{"line":38,"column":8},"end":{"line":38,"column":29}},"10":{"start":{"line":39,"column":8},"end":{"line":39,"column":24}},"11":{"start":{"line":40,"column":8},"end":{"line":44,"column":11}},"12":{"start":{"line":41,"column":12},"end":{"line":43,"column":15}},"13":{"start":{"line":42,"column":16},"end":{"line":42,"column":71}},"14":{"start":{"line":60,"column":109},"end":{"line":60,"column":116}},"15":{"start":{"line":61,"column":8},"end":{"line":63,"column":9}},"16":{"start":{"line":62,"column":12},"end":{"line":62,"column":53}},"17":{"start":{"line":64,"column":8},"end":{"line":66,"column":9}},"18":{"start":{"line":65,"column":12},"end":{"line":65,"column":82}},"19":{"start":{"line":67,"column":8},"end":{"line":69,"column":9}},"20":{"start":{"line":68,"column":12},"end":{"line":68,"column":75}},"21":{"start":{"line":70,"column":21},"end":{"line":76,"column":10}},"22":{"start":{"line":77,"column":8},"end":{"line":103,"column":9}},"23":{"start":{"line":78,"column":12},"end":{"line":90,"column":13}},"24":{"start":{"line":80,"column":16},"end":{"line":89,"column":33}},"25":{"start":{"line":81,"column":55},"end":{"line":81,"column":70}},"26":{"start":{"line":82,"column":20},"end":{"line":87,"column":21}},"27":{"start":{"line":83,"column":24},"end":{"line":83,"column":108}},"28":{"start":{"line":86,"column":24},"end":{"line":86,"column":34}},"29":{"start":{"line":91,"column":12},"end":{"line":94,"column":13}},"30":{"start":{"line":93,"column":16},"end":{"line":93,"column":42}},"31":{"start":{"line":100,"column":12},"end":{"line":102,"column":13}},"32":{"start":{"line":101,"column":16},"end":{"line":101,"column":40}},"33":{"start":{"line":109,"column":21},"end":{"line":109,"column":39}},"34":{"start":{"line":110,"column":8},"end":{"line":115,"column":9}},"35":{"start":{"line":111,"column":12},"end":{"line":111,"column":36}},"36":{"start":{"line":114,"column":12},"end":{"line":114,"column":59}},"37":{"start":{"line":122,"column":8},"end":{"line":122,"column":73}},"38":{"start":{"line":122,"column":51},"end":{"line":122,"column":70}},"39":{"start":{"line":132,"column":8},"end":{"line":134,"column":9}},"40":{"start":{"line":133,"column":12},"end":{"line":133,"column":19}},"41":{"start":{"line":135,"column":8},"end":{"line":135,"column":28}},"42":{"start":{"line":136,"column":8},"end":{"line":136,"column":33}},"43":{"start":{"line":137,"column":8},"end":{"line":139,"column":9}},"44":{"start":{"line":138,"column":12},"end":{"line":138,"column":148}},"45":{"start":{"line":138,"column":136},"end":{"line":138,"column":145}},"46":{"start":{"line":140,"column":8},"end":{"line":142,"column":12}},"47":{"start":{"line":141,"column":12},"end":{"line":141,"column":68}},"48":{"start":{"line":145,"column":8},"end":{"line":147,"column":11}},"49":{"start":{"line":146,"column":12},"end":{"line":146,"column":38}},"50":{"start":{"line":150,"column":24},"end":{"line":150,"column":34}},"51":{"start":{"line":151,"column":21},"end":{"line":151,"column":62}},"52":{"start":{"line":152,"column":8},"end":{"line":152,"column":30}},"53":{"start":{"line":153,"column":23},"end":{"line":155,"column":9}},"54":{"start":{"line":154,"column":12},"end":{"line":154,"column":59}},"55":{"start":{"line":157,"column":8},"end":{"line":171,"column":11}},"56":{"start":{"line":159,"column":33},"end":{"line":159,"column":80}},"57":{"start":{"line":160,"column":16},"end":{"line":160,"column":95}},"58":{"start":{"line":163,"column":16},"end":{"line":163,"column":25}},"59":{"start":{"line":166,"column":16},"end":{"line":168,"column":17}},"60":{"start":{"line":167,"column":20},"end":{"line":167,"column":42}},"61":{"start":{"line":169,"column":16},"end":{"line":169,"column":25}},"62":{"start":{"line":172,"column":8},"end":{"line":172,"column":20}},"63":{"start":{"line":175,"column":0},"end":{"line":175,"column":32}}},"fnMap":{"0":{"name":"(anonymous_0)","decl":{"start":{"line":27,"column":13},"end":{"line":27,"column":14}},"loc":{"start":{"line":27,"column":19},"end":{"line":27,"column":22}},"line":27},"1":{"name":"(anonymous_1)","decl":{"start":{"line":36,"column":4},"end":{"line":36,"column":5}},"loc":{"start":{"line":36,"column":21},"end":{"line":45,"column":5}},"line":36},"2":{"name":"(anonymous_2)","decl":{"start":{"line":40,"column":53},"end":{"line":40,"column":54}},"loc":{"start":{"line":40,"column":59},"end":{"line":44,"column":9}},"line":40},"3":{"name":"(anonymous_3)","decl":{"start":{"line":41,"column":34},"end":{"line":41,"column":35}},"loc":{"start":{"line":41,"column":45},"end":{"line":43,"column":13}},"line":41},"4":{"name":"(anonymous_4)","decl":{"start":{"line":59,"column":4},"end":{"line":59,"column":5}},"loc":{"start":{"line":59,"column":29},"end":{"line":104,"column":5}},"line":59},"5":{"name":"(anonymous_5)","decl":{"start":{"line":81,"column":45},"end":{"line":81,"column":46}},"loc":{"start":{"line":81,"column":55},"end":{"line":81,"column":70}},"line":81},"6":{"name":"(anonymous_6)","decl":{"start":{"line":81,"column":117},"end":{"line":81,"column":118}},"loc":{"start":{"line":81,"column":126},"end":{"line":88,"column":17}},"line":81},"7":{"name":"(anonymous_7)","decl":{"start":{"line":108,"column":4},"end":{"line":108,"column":5}},"loc":{"start":{"line":108,"column":41},"end":{"line":116,"column":5}},"line":108},"8":{"name":"(anonymous_8)","decl":{"start":{"line":121,"column":4},"end":{"line":121,"column":5}},"loc":{"start":{"line":121,"column":29},"end":{"line":123,"column":5}},"line":121},"9":{"name":"(anonymous_9)","decl":{"start":{"line":122,"column":41},"end":{"line":122,"column":42}},"loc":{"start":{"line":122,"column":51},"end":{"line":122,"column":70}},"line":122},"10":{"name":"(anonymous_10)","decl":{"start":{"line":131,"column":4},"end":{"line":131,"column":5}},"loc":{"start":{"line":131,"column":36},"end":{"line":143,"column":5}},"line":131},"11":{"name":"(anonymous_11)","decl":{"start":{"line":138,"column":126},"end":{"line":138,"column":127}},"loc":{"start":{"line":138,"column":136},"end":{"line":138,"column":145}},"line":138},"12":{"name":"(anonymous_12)","decl":{"start":{"line":140,"column":41},"end":{"line":140,"column":42}},"loc":{"start":{"line":140,"column":57},"end":{"line":142,"column":9}},"line":140},"13":{"name":"(anonymous_13)","decl":{"start":{"line":144,"column":4},"end":{"line":144,"column":5}},"loc":{"start":{"line":144,"column":18},"end":{"line":148,"column":5}},"line":144},"14":{"name":"(anonymous_14)","decl":{"start":{"line":145,"column":31},"end":{"line":145,"column":32}},"loc":{"start":{"line":145,"column":41},"end":{"line":147,"column":9}},"line":145},"15":{"name":"(anonymous_15)","decl":{"start":{"line":149,"column":4},"end":{"line":149,"column":5}},"loc":{"start":{"line":149,"column":29},"end":{"line":173,"column":5}},"line":149},"16":{"name":"(anonymous_16)","decl":{"start":{"line":153,"column":23},"end":{"line":153,"column":24}},"loc":{"start":{"line":153,"column":29},"end":{"line":155,"column":9}},"line":153},"17":{"name":"(anonymous_17)","decl":{"start":{"line":158,"column":18},"end":{"line":158,"column":19}},"loc":{"start":{"line":158,"column":28},"end":{"line":161,"column":13}},"line":158},"18":{"name":"(anonymous_18)","decl":{"start":{"line":162,"column":22},"end":{"line":162,"column":23}},"loc":{"start":{"line":162,"column":28},"end":{"line":164,"column":13}},"line":162},"19":{"name":"(anonymous_19)","decl":{"start":{"line":165,"column":19},"end":{"line":165,"column":20}},"loc":{"start":{"line":165,"column":30},"end":{"line":170,"column":13}},"line":165}},"branchMap":{"0":{"loc":{"start":{"line":60,"column":21},"end":{"line":60,"column":30}},"type":"default-arg","locations":[{"start":{"line":60,"column":28},"end":{"line":60,"column":30}}],"line":60},"1":{"loc":{"start":{"line":60,"column":32},"end":{"line":60,"column":51}},"type":"default-arg","locations":[{"start":{"line":60,"column":38},"end":{"line":60,"column":51}}],"line":60},"2":{"loc":{"start":{"line":60,"column":53},"end":{"line":60,"column":70}},"type":"default-arg","locations":[{"start":{"line":60,"column":61},"end":{"line":60,"column":70}}],"line":60},"3":{"loc":{"start":{"line":60,"column":72},"end":{"line":60,"column":84}},"type":"default-arg","locations":[{"start":{"line":60,"column":79},"end":{"line":60,"column":84}}],"line":60},"4":{"loc":{"start":{"line":60,"column":86},"end":{"line":60,"column":103}},"type":"default-arg","locations":[{"start":{"line":60,"column":92},"end":{"line":60,"column":103}}],"line":60},"5":{"loc":{"start":{"line":61,"column":8},"end":{"line":63,"column":9}},"type":"if","locations":[{"start":{"line":61,"column":8},"end":{"line":63,"column":9}},{"start":{"line":61,"column":8},"end":{"line":63,"column":9}}],"line":61},"6":{"loc":{"start":{"line":64,"column":8},"end":{"line":66,"column":9}},"type":"if","locations":[{"start":{"line":64,"column":8},"end":{"line":66,"column":9}},{"start":{"line":64,"column":8},"end":{"line":66,"column":9}}],"line":64},"7":{"loc":{"start":{"line":64,"column":12},"end":{"line":64,"column":62}},"type":"binary-expr","locations":[{"start":{"line":64,"column":12},"end":{"line":64,"column":16}},{"start":{"line":64,"column":20},"end":{"line":64,"column":45}},{"start":{"line":64,"column":49},"end":{"line":64,"column":62}}],"line":64},"8":{"loc":{"start":{"line":67,"column":8},"end":{"line":69,"column":9}},"type":"if","locations":[{"start":{"line":67,"column":8},"end":{"line":69,"column":9}},{"start":{"line":67,"column":8},"end":{"line":69,"column":9}}],"line":67},"9":{"loc":{"start":{"line":78,"column":12},"end":{"line":90,"column":13}},"type":"if","locations":[{"start":{"line":78,"column":12},"end":{"line":90,"column":13}},{"start":{"line":78,"column":12},"end":{"line":90,"column":13}}],"line":78},"10":{"loc":{"start":{"line":82,"column":20},"end":{"line":87,"column":21}},"type":"if","locations":[{"start":{"line":82,"column":20},"end":{"line":87,"column":21}},{"start":{"line":82,"column":20},"end":{"line":87,"column":21}}],"line":82},"11":{"loc":{"start":{"line":91,"column":12},"end":{"line":94,"column":13}},"type":"if","locations":[{"start":{"line":91,"column":12},"end":{"line":94,"column":13}},{"start":{"line":91,"column":12},"end":{"line":94,"column":13}}],"line":91},"12":{"loc":{"start":{"line":100,"column":12},"end":{"line":102,"column":13}},"type":"if","locations":[{"start":{"line":100,"column":12},"end":{"line":102,"column":13}},{"start":{"line":100,"column":12},"end":{"line":102,"column":13}}],"line":100},"13":{"loc":{"start":{"line":108,"column":21},"end":{"line":108,"column":39}},"type":"default-arg","locations":[{"start":{"line":108,"column":30},"end":{"line":108,"column":39}}],"line":108},"14":{"loc":{"start":{"line":110,"column":8},"end":{"line":115,"column":9}},"type":"if","locations":[{"start":{"line":110,"column":8},"end":{"line":115,"column":9}},{"start":{"line":110,"column":8},"end":{"line":115,"column":9}}],"line":110},"15":{"loc":{"start":{"line":131,"column":19},"end":{"line":131,"column":34}},"type":"default-arg","locations":[{"start":{"line":131,"column":28},"end":{"line":131,"column":34}}],"line":131},"16":{"loc":{"start":{"line":132,"column":8},"end":{"line":134,"column":9}},"type":"if","locations":[{"start":{"line":132,"column":8},"end":{"line":134,"column":9}},{"start":{"line":132,"column":8},"end":{"line":134,"column":9}}],"line":132},"17":{"loc":{"start":{"line":137,"column":8},"end":{"line":139,"column":9}},"type":"if","locations":[{"start":{"line":137,"column":8},"end":{"line":139,"column":9}},{"start":{"line":137,"column":8},"end":{"line":139,"column":9}}],"line":137},"18":{"loc":{"start":{"line":137,"column":12},"end":{"line":137,"column":44}},"type":"binary-expr","locations":[{"start":{"line":137,"column":12},"end":{"line":137,"column":19}},{"start":{"line":137,"column":23},"end":{"line":137,"column":44}}],"line":137},"19":{"loc":{"start":{"line":141,"column":28},"end":{"line":141,"column":66}},"type":"cond-expr","locations":[{"start":{"line":141,"column":48},"end":{"line":141,"column":57}},{"start":{"line":141,"column":60},"end":{"line":141,"column":66}}],"line":141},"20":{"loc":{"start":{"line":166,"column":16},"end":{"line":168,"column":17}},"type":"if","locations":[{"start":{"line":166,"column":16},"end":{"line":168,"column":17}},{"start":{"line":166,"column":16},"end":{"line":168,"column":17}}],"line":166}},"s":{"0":1,"1":1,"2":1,"3":1,"4":1,"5":1,"6":1,"7":1,"8":1,"9":1,"10":1,"11":1,"12":1,"13":0,"14":0,"15":0,"16":0,"17":0,"18":0,"19":0,"20":0,"21":0,"22":0,"23":0,"24":0,"25":0,"26":0,"27":0,"28":0,"29":0,"30":0,"31":0,"32":0,"33":0,"34":0,"35":0,"36":0,"37":0,"38":0,"39":1,"40":0,"41":1,"42":1,"43":1,"44":0,"45":0,"46":1,"47":0,"48":0,"49":0,"50":0,"51":0,"52":0,"53":0,"54":0,"55":0,"56":0,"57":0,"58":0,"59":0,"60":0,"61":0,"62":0,"63":1},"f":{"0":0,"1":1,"2":1,"3":0,"4":0,"5":0,"6":0,"7":0,"8":0,"9":0,"10":1,"11":0,"12":0,"13":0,"14":0,"15":0,"16":0,"17":0,"18":0,"19":0},"b":{"0":[0],"1":[0],"2":[0],"3":[0],"4":[0],"5":[0,0],"6":[0,0],"7":[0,0,0],"8":[0,0],"9":[0,0],"10":[0,0],"11":[0,0],"12":[0,0],"13":[0],"14":[0,0],"15":[1],"16":[0,1],"17":[0,1],"18":[1,0],"19":[0,0],"20":[0,0]},"_coverageSchema":"43e27e138ebf9cfc5966b082cf9a028302ed4184","hash":"c3659c5ec2f8a79ebf0b9751830ef41caba5791c","contentHash":"1f6daa61270565f51d1074f8995cafd9f9bc4a78609d52b7889cb14374f728c3"},"/home/chris/kibana/packages/kbn-dev-utils/target/proc_runner/errors.js":{"path":"/home/chris/kibana/packages/kbn-dev-utils/target/proc_runner/errors.js","statementMap":{"0":{"start":{"line":20,"column":0},"end":{"line":20,"column":62}},"1":{"start":{"line":21,"column":20},"end":{"line":21,"column":40}},"2":{"start":{"line":23,"column":18},"end":{"line":23,"column":36}},"3":{"start":{"line":24,"column":4},"end":{"line":24,"column":30}},"4":{"start":{"line":25,"column":4},"end":{"line":25,"column":17}},"5":{"start":{"line":27,"column":0},"end":{"line":27,"column":40}},"6":{"start":{"line":29,"column":4},"end":{"line":29,"column":41}},"7":{"start":{"line":31,"column":0},"end":{"line":31,"column":32}}},"fnMap":{"0":{"name":"createCliError","decl":{"start":{"line":22,"column":9},"end":{"line":22,"column":23}},"loc":{"start":{"line":22,"column":33},"end":{"line":26,"column":1}},"line":22},"1":{"name":"isCliError","decl":{"start":{"line":28,"column":9},"end":{"line":28,"column":19}},"loc":{"start":{"line":28,"column":27},"end":{"line":30,"column":1}},"line":28}},"branchMap":{"0":{"loc":{"start":{"line":29,"column":11},"end":{"line":29,"column":40}},"type":"binary-expr","locations":[{"start":{"line":29,"column":11},"end":{"line":29,"column":16}},{"start":{"line":29,"column":20},"end":{"line":29,"column":40}}],"line":29}},"s":{"0":1,"1":1,"2":0,"3":0,"4":0,"5":1,"6":0,"7":1},"f":{"0":0,"1":0},"b":{"0":[0,0]},"_coverageSchema":"43e27e138ebf9cfc5966b082cf9a028302ed4184","hash":"dfa74a018bba643d846677730f616828635d99f3","contentHash":"5cc699a1769270686ac765882427cb1acc8a4db7b26653db59df59da590072e7"},"/home/chris/kibana/packages/kbn-dev-utils/target/proc_runner/proc.js":{"path":"/home/chris/kibana/packages/kbn-dev-utils/target/proc_runner/proc.js","statementMap":{"0":{"start":{"line":20,"column":0},"end":{"line":20,"column":62}},"1":{"start":{"line":21,"column":16},"end":{"line":21,"column":32}},"2":{"start":{"line":22,"column":16},"end":{"line":22,"column":57}},"3":{"start":{"line":23,"column":13},"end":{"line":23,"column":26}},"4":{"start":{"line":24,"column":11},"end":{"line":24,"column":48}},"5":{"start":{"line":25,"column":20},"end":{"line":25,"column":45}},"6":{"start":{"line":26,"column":16},"end":{"line":26,"column":57}},"7":{"start":{"line":27,"column":20},"end":{"line":27,"column":65}},"8":{"start":{"line":28,"column":15},"end":{"line":28,"column":30}},"9":{"start":{"line":29,"column":22},"end":{"line":29,"column":81}},"10":{"start":{"line":29,"column":52},"end":{"line":29,"column":80}},"11":{"start":{"line":30,"column":24},"end":{"line":30,"column":50}},"12":{"start":{"line":31,"column":17},"end":{"line":31,"column":36}},"13":{"start":{"line":32,"column":15},"end":{"line":32,"column":19}},"14":{"start":{"line":33,"column":21},"end":{"line":33,"column":32}},"15":{"start":{"line":35,"column":20},"end":{"line":35,"column":37}},"16":{"start":{"line":36,"column":4},"end":{"line":49,"column":5}},"17":{"start":{"line":37,"column":8},"end":{"line":40,"column":11}},"18":{"start":{"line":39,"column":39},"end":{"line":39,"column":76}},"19":{"start":{"line":39,"column":56},"end":{"line":39,"column":71}},"20":{"start":{"line":43,"column":8},"end":{"line":48,"column":9}},"21":{"start":{"line":44,"column":12},"end":{"line":44,"column":30}},"22":{"start":{"line":47,"column":12},"end":{"line":47,"column":24}},"23":{"start":{"line":52,"column":43},"end":{"line":52,"column":50}},"24":{"start":{"line":53,"column":4},"end":{"line":53,"column":53}},"25":{"start":{"line":57,"column":4},"end":{"line":66,"column":5}},"26":{"start":{"line":58,"column":8},"end":{"line":60,"column":9}},"27":{"start":{"line":59,"column":12},"end":{"line":59,"column":74}},"28":{"start":{"line":63,"column":8},"end":{"line":65,"column":9}},"29":{"start":{"line":64,"column":12},"end":{"line":64,"column":59}},"30":{"start":{"line":67,"column":25},"end":{"line":72,"column":6}},"31":{"start":{"line":73,"column":4},"end":{"line":78,"column":5}},"32":{"start":{"line":74,"column":8},"end":{"line":74,"column":46}},"33":{"start":{"line":77,"column":8},"end":{"line":77,"column":33}},"34":{"start":{"line":79,"column":21},"end":{"line":79,"column":26}},"35":{"start":{"line":80,"column":21},"end":{"line":93,"column":143}},"36":{"start":{"line":83,"column":8},"end":{"line":85,"column":9}},"37":{"start":{"line":84,"column":12},"end":{"line":84,"column":24}},"38":{"start":{"line":87,"column":8},"end":{"line":89,"column":9}},"39":{"start":{"line":88,"column":12},"end":{"line":88,"column":80}},"40":{"start":{"line":90,"column":8},"end":{"line":90,"column":20}},"41":{"start":{"line":93,"column":96},"end":{"line":93,"column":114}},"42":{"start":{"line":94,"column":19},"end":{"line":94,"column":269}},"43":{"start":{"line":94,"column":161},"end":{"line":94,"column":246}},"44":{"start":{"line":95,"column":27},"end":{"line":95,"column":100}},"45":{"start":{"line":97,"column":8},"end":{"line":99,"column":9}},"46":{"start":{"line":98,"column":12},"end":{"line":98,"column":19}},"47":{"start":{"line":100,"column":8},"end":{"line":100,"column":26}},"48":{"start":{"line":101,"column":8},"end":{"line":108,"column":11}},"49":{"start":{"line":102,"column":12},"end":{"line":102,"column":63}},"50":{"start":{"line":103,"column":12},"end":{"line":103,"column":58}},"51":{"start":{"line":104,"column":12},"end":{"line":104,"column":33}},"52":{"start":{"line":106,"column":12},"end":{"line":106,"column":146}},"53":{"start":{"line":107,"column":12},"end":{"line":107,"column":61}},"54":{"start":{"line":109,"column":8},"end":{"line":118,"column":11}},"55":{"start":{"line":110,"column":12},"end":{"line":115,"column":13}},"56":{"start":{"line":111,"column":16},"end":{"line":111,"column":37}},"57":{"start":{"line":117,"column":12},"end":{"line":117,"column":136}},"58":{"start":{"line":120,"column":4},"end":{"line":126,"column":6}},"59":{"start":{"line":128,"column":0},"end":{"line":128,"column":30}}},"fnMap":{"0":{"name":"(anonymous_0)","decl":{"start":{"line":29,"column":39},"end":{"line":29,"column":40}},"loc":{"start":{"line":29,"column":52},"end":{"line":29,"column":80}},"line":29},"1":{"name":"withTimeout","decl":{"start":{"line":34,"column":15},"end":{"line":34,"column":26}},"loc":{"start":{"line":34,"column":51},"end":{"line":50,"column":1}},"line":34},"2":{"name":"(anonymous_2)","decl":{"start":{"line":39,"column":24},"end":{"line":39,"column":25}},"loc":{"start":{"line":39,"column":39},"end":{"line":39,"column":76}},"line":39},"3":{"name":"(anonymous_3)","decl":{"start":{"line":39,"column":50},"end":{"line":39,"column":51}},"loc":{"start":{"line":39,"column":56},"end":{"line":39,"column":71}},"line":39},"4":{"name":"startProc","decl":{"start":{"line":51,"column":9},"end":{"line":51,"column":18}},"loc":{"start":{"line":51,"column":39},"end":{"line":127,"column":1}},"line":51},"5":{"name":"(anonymous_5)","decl":{"start":{"line":82,"column":81},"end":{"line":82,"column":82}},"loc":{"start":{"line":82,"column":93},"end":{"line":91,"column":5}},"line":82},"6":{"name":"(anonymous_6)","decl":{"start":{"line":93,"column":87},"end":{"line":93,"column":88}},"loc":{"start":{"line":93,"column":96},"end":{"line":93,"column":114}},"line":93},"7":{"name":"(anonymous_7)","decl":{"start":{"line":94,"column":151},"end":{"line":94,"column":152}},"loc":{"start":{"line":94,"column":161},"end":{"line":94,"column":246}},"line":94},"8":{"name":"stop","decl":{"start":{"line":96,"column":19},"end":{"line":96,"column":23}},"loc":{"start":{"line":96,"column":32},"end":{"line":119,"column":5}},"line":96},"9":{"name":"(anonymous_9)","decl":{"start":{"line":101,"column":26},"end":{"line":101,"column":27}},"loc":{"start":{"line":101,"column":38},"end":{"line":105,"column":9}},"line":101},"10":{"name":"(anonymous_10)","decl":{"start":{"line":105,"column":25},"end":{"line":105,"column":26}},"loc":{"start":{"line":105,"column":37},"end":{"line":108,"column":9}},"line":105},"11":{"name":"(anonymous_11)","decl":{"start":{"line":109,"column":26},"end":{"line":109,"column":27}},"loc":{"start":{"line":109,"column":38},"end":{"line":116,"column":9}},"line":109},"12":{"name":"(anonymous_12)","decl":{"start":{"line":116,"column":25},"end":{"line":116,"column":26}},"loc":{"start":{"line":116,"column":37},"end":{"line":118,"column":9}},"line":116}},"branchMap":{"0":{"loc":{"start":{"line":43,"column":8},"end":{"line":48,"column":9}},"type":"if","locations":[{"start":{"line":43,"column":8},"end":{"line":48,"column":9}},{"start":{"line":43,"column":8},"end":{"line":48,"column":9}}],"line":43},"1":{"loc":{"start":{"line":58,"column":8},"end":{"line":60,"column":9}},"type":"if","locations":[{"start":{"line":58,"column":8},"end":{"line":60,"column":9}},{"start":{"line":58,"column":8},"end":{"line":60,"column":9}}],"line":58},"2":{"loc":{"start":{"line":63,"column":8},"end":{"line":65,"column":9}},"type":"if","locations":[{"start":{"line":63,"column":8},"end":{"line":65,"column":9}},{"start":{"line":63,"column":8},"end":{"line":65,"column":9}}],"line":63},"3":{"loc":{"start":{"line":73,"column":4},"end":{"line":78,"column":5}},"type":"if","locations":[{"start":{"line":73,"column":4},"end":{"line":78,"column":5}},{"start":{"line":73,"column":4},"end":{"line":78,"column":5}}],"line":73},"4":{"loc":{"start":{"line":83,"column":8},"end":{"line":85,"column":9}},"type":"if","locations":[{"start":{"line":83,"column":8},"end":{"line":85,"column":9}},{"start":{"line":83,"column":8},"end":{"line":85,"column":9}}],"line":83},"5":{"loc":{"start":{"line":87,"column":8},"end":{"line":89,"column":9}},"type":"if","locations":[{"start":{"line":87,"column":8},"end":{"line":89,"column":9}},{"start":{"line":87,"column":8},"end":{"line":89,"column":9}}],"line":87},"6":{"loc":{"start":{"line":87,"column":12},"end":{"line":87,"column":55}},"type":"binary-expr","locations":[{"start":{"line":87,"column":12},"end":{"line":87,"column":20}},{"start":{"line":87,"column":24},"end":{"line":87,"column":55}}],"line":87},"7":{"loc":{"start":{"line":87,"column":26},"end":{"line":87,"column":54}},"type":"binary-expr","locations":[{"start":{"line":87,"column":26},"end":{"line":87,"column":38}},{"start":{"line":87,"column":42},"end":{"line":87,"column":54}}],"line":87},"8":{"loc":{"start":{"line":97,"column":8},"end":{"line":99,"column":9}},"type":"if","locations":[{"start":{"line":97,"column":8},"end":{"line":99,"column":9}},{"start":{"line":97,"column":8},"end":{"line":99,"column":9}}],"line":97}},"s":{"0":1,"1":1,"2":1,"3":1,"4":1,"5":1,"6":1,"7":1,"8":1,"9":1,"10":0,"11":1,"12":1,"13":1,"14":1,"15":0,"16":0,"17":0,"18":0,"19":0,"20":0,"21":0,"22":0,"23":0,"24":0,"25":0,"26":0,"27":0,"28":0,"29":0,"30":0,"31":0,"32":0,"33":0,"34":0,"35":0,"36":0,"37":0,"38":0,"39":0,"40":0,"41":0,"42":0,"43":0,"44":0,"45":0,"46":0,"47":0,"48":0,"49":0,"50":0,"51":0,"52":0,"53":0,"54":0,"55":0,"56":0,"57":0,"58":0,"59":1},"f":{"0":0,"1":0,"2":0,"3":0,"4":0,"5":0,"6":0,"7":0,"8":0,"9":0,"10":0,"11":0,"12":0},"b":{"0":[0,0],"1":[0,0],"2":[0,0],"3":[0,0],"4":[0,0],"5":[0,0],"6":[0,0],"7":[0,0],"8":[0,0]},"_coverageSchema":"43e27e138ebf9cfc5966b082cf9a028302ed4184","hash":"fb465f752464cafebc8166954700766e33bf9019","contentHash":"e54855fcadd461cce7f3d7342d82ac778984f6f24aea3b379baba9ac2b1413ec"},"/home/chris/kibana/src/setup_node_env/patches/child_process.js":{"path":"/home/chris/kibana/src/setup_node_env/patches/child_process.js","statementMap":{"0":{"start":{"line":25,"column":0},"end":{"line":50,"column":2}},"1":{"start":{"line":31,"column":2},"end":{"line":33,"column":5}},"2":{"start":{"line":34,"column":2},"end":{"line":36,"column":5}},"3":{"start":{"line":37,"column":2},"end":{"line":39,"column":5}},"4":{"start":{"line":40,"column":2},"end":{"line":42,"column":5}},"5":{"start":{"line":43,"column":2},"end":{"line":45,"column":5}},"6":{"start":{"line":46,"column":2},"end":{"line":48,"column":5}},"7":{"start":{"line":49,"column":2},"end":{"line":49,"column":12}},"8":{"start":{"line":53,"column":2},"end":{"line":81,"column":4}},"9":{"start":{"line":54,"column":14},"end":{"line":54,"column":15}},"10":{"start":{"line":56,"column":4},"end":{"line":78,"column":5}},"11":{"start":{"line":58,"column":6},"end":{"line":58,"column":43}},"12":{"start":{"line":59,"column":11},"end":{"line":78,"column":5}},"13":{"start":{"line":60,"column":6},"end":{"line":63,"column":7}},"14":{"start":{"line":62,"column":8},"end":{"line":62,"column":14}},"15":{"start":{"line":65,"column":6},"end":{"line":77,"column":7}},"16":{"start":{"line":68,"column":8},"end":{"line":68,"column":54}},"17":{"start":{"line":69,"column":13},"end":{"line":77,"column":7}},"18":{"start":{"line":72,"column":8},"end":{"line":72,"column":45}},"19":{"start":{"line":73,"column":13},"end":{"line":77,"column":7}},"20":{"start":{"line":76,"column":8},"end":{"line":76,"column":54}},"21":{"start":{"line":80,"column":4},"end":{"line":80,"column":39}},"22":{"start":{"line":85,"column":25},"end":{"line":85,"column":64}},"23":{"start":{"line":86,"column":2},"end":{"line":86,"column":97}},"24":{"start":{"line":87,"column":2},"end":{"line":87,"column":26}}},"fnMap":{"0":{"name":"(anonymous_0)","decl":{"start":{"line":25,"column":17},"end":{"line":25,"column":18}},"loc":{"start":{"line":25,"column":31},"end":{"line":50,"column":1}},"line":25},"1":{"name":"patchOptions","decl":{"start":{"line":52,"column":9},"end":{"line":52,"column":21}},"loc":{"start":{"line":52,"column":31},"end":{"line":82,"column":1}},"line":52},"2":{"name":"apply","decl":{"start":{"line":53,"column":18},"end":{"line":53,"column":23}},"loc":{"start":{"line":53,"column":47},"end":{"line":81,"column":3}},"line":53},"3":{"name":"prototypelessSpawnOpts","decl":{"start":{"line":84,"column":9},"end":{"line":84,"column":31}},"loc":{"start":{"line":84,"column":37},"end":{"line":88,"column":1}},"line":84}},"branchMap":{"0":{"loc":{"start":{"line":56,"column":4},"end":{"line":78,"column":5}},"type":"if","locations":[{"start":{"line":56,"column":4},"end":{"line":78,"column":5}},{"start":{"line":56,"column":4},"end":{"line":78,"column":5}}],"line":56},"1":{"loc":{"start":{"line":59,"column":11},"end":{"line":78,"column":5}},"type":"if","locations":[{"start":{"line":59,"column":11},"end":{"line":78,"column":5}},{"start":{"line":59,"column":11},"end":{"line":78,"column":5}}],"line":59},"2":{"loc":{"start":{"line":60,"column":6},"end":{"line":63,"column":7}},"type":"if","locations":[{"start":{"line":60,"column":6},"end":{"line":63,"column":7}},{"start":{"line":60,"column":6},"end":{"line":63,"column":7}}],"line":60},"3":{"loc":{"start":{"line":60,"column":10},"end":{"line":60,"column":68}},"type":"binary-expr","locations":[{"start":{"line":60,"column":10},"end":{"line":60,"column":17}},{"start":{"line":60,"column":22},"end":{"line":60,"column":46}},{"start":{"line":60,"column":50},"end":{"line":60,"column":67}}],"line":60},"4":{"loc":{"start":{"line":65,"column":6},"end":{"line":77,"column":7}},"type":"if","locations":[{"start":{"line":65,"column":6},"end":{"line":77,"column":7}},{"start":{"line":65,"column":6},"end":{"line":77,"column":7}}],"line":65},"5":{"loc":{"start":{"line":65,"column":10},"end":{"line":65,"column":61}},"type":"binary-expr","locations":[{"start":{"line":65,"column":10},"end":{"line":65,"column":39}},{"start":{"line":65,"column":43},"end":{"line":65,"column":61}}],"line":65},"6":{"loc":{"start":{"line":69,"column":13},"end":{"line":77,"column":7}},"type":"if","locations":[{"start":{"line":69,"column":13},"end":{"line":77,"column":7}},{"start":{"line":69,"column":13},"end":{"line":77,"column":7}}],"line":69},"7":{"loc":{"start":{"line":73,"column":13},"end":{"line":77,"column":7}},"type":"if","locations":[{"start":{"line":73,"column":13},"end":{"line":77,"column":7}},{"start":{"line":73,"column":13},"end":{"line":77,"column":7}}],"line":73},"8":{"loc":{"start":{"line":86,"column":60},"end":{"line":86,"column":95}},"type":"binary-expr","locations":[{"start":{"line":86,"column":60},"end":{"line":86,"column":80}},{"start":{"line":86,"column":84},"end":{"line":86,"column":95}}],"line":86}},"s":{"0":1,"1":1,"2":1,"3":1,"4":1,"5":1,"6":1,"7":1,"8":6,"9":0,"10":0,"11":0,"12":0,"13":0,"14":0,"15":0,"16":0,"17":0,"18":0,"19":0,"20":0,"21":0,"22":0,"23":0,"24":0},"f":{"0":1,"1":6,"2":0,"3":0},"b":{"0":[0,0],"1":[0,0],"2":[0,0],"3":[0,0,0],"4":[0,0],"5":[0,0],"6":[0,0],"7":[0,0],"8":[0,0]},"_coverageSchema":"43e27e138ebf9cfc5966b082cf9a028302ed4184","hash":"1f9ee46619b287d4bd254918c36d72fe870a24b9","contentHash":"0b05b85736de643e343f848da80e442a31eeec008072bbed22c1f9b047ad169c"},"/home/chris/kibana/packages/kbn-dev-utils/target/proc_runner/observe_lines.js":{"path":"/home/chris/kibana/packages/kbn-dev-utils/target/proc_runner/observe_lines.js","statementMap":{"0":{"start":{"line":20,"column":0},"end":{"line":20,"column":62}},"1":{"start":{"line":21,"column":16},"end":{"line":21,"column":32}},"2":{"start":{"line":22,"column":11},"end":{"line":22,"column":48}},"3":{"start":{"line":23,"column":20},"end":{"line":23,"column":45}},"4":{"start":{"line":24,"column":12},"end":{"line":24,"column":19}},"5":{"start":{"line":25,"column":27},"end":{"line":25,"column":56}},"6":{"start":{"line":36,"column":18},"end":{"line":36,"column":88}},"7":{"start":{"line":37,"column":18},"end":{"line":51,"column":86}},"8":{"start":{"line":38,"column":8},"end":{"line":38,"column":24}},"9":{"start":{"line":39,"column":22},"end":{"line":39,"column":24}},"10":{"start":{"line":40,"column":8},"end":{"line":47,"column":9}},"11":{"start":{"line":41,"column":26},"end":{"line":41,"column":43}},"12":{"start":{"line":42,"column":12},"end":{"line":44,"column":13}},"13":{"start":{"line":43,"column":16},"end":{"line":43,"column":22}},"14":{"start":{"line":45,"column":12},"end":{"line":45,"column":53}},"15":{"start":{"line":46,"column":12},"end":{"line":46,"column":65}},"16":{"start":{"line":48,"column":8},"end":{"line":48,"column":33}},"17":{"start":{"line":52,"column":4},"end":{"line":60,"column":47}},"18":{"start":{"line":56,"column":51},"end":{"line":56,"column":62}},"19":{"start":{"line":58,"column":73},"end":{"line":58,"column":95}},"20":{"start":{"line":60,"column":33},"end":{"line":60,"column":43}},"21":{"start":{"line":62,"column":0},"end":{"line":62,"column":36}}},"fnMap":{"0":{"name":"observeLines","decl":{"start":{"line":35,"column":9},"end":{"line":35,"column":21}},"loc":{"start":{"line":35,"column":32},"end":{"line":61,"column":1}},"line":35},"1":{"name":"(anonymous_1)","decl":{"start":{"line":37,"column":71},"end":{"line":37,"column":72}},"loc":{"start":{"line":37,"column":94},"end":{"line":49,"column":5}},"line":37},"2":{"name":"(anonymous_2)","decl":{"start":{"line":56,"column":36},"end":{"line":56,"column":37}},"loc":{"start":{"line":56,"column":51},"end":{"line":56,"column":62}},"line":56},"3":{"name":"(anonymous_3)","decl":{"start":{"line":58,"column":56},"end":{"line":58,"column":57}},"loc":{"start":{"line":58,"column":73},"end":{"line":58,"column":95}},"line":58},"4":{"name":"(anonymous_4)","decl":{"start":{"line":60,"column":27},"end":{"line":60,"column":28}},"loc":{"start":{"line":60,"column":33},"end":{"line":60,"column":43}},"line":60}},"branchMap":{"0":{"loc":{"start":{"line":42,"column":12},"end":{"line":44,"column":13}},"type":"if","locations":[{"start":{"line":42,"column":12},"end":{"line":44,"column":13}},{"start":{"line":42,"column":12},"end":{"line":44,"column":13}}],"line":42},"1":{"loc":{"start":{"line":42,"column":16},"end":{"line":42,"column":51}},"type":"binary-expr","locations":[{"start":{"line":42,"column":16},"end":{"line":42,"column":22}},{"start":{"line":42,"column":26},"end":{"line":42,"column":51}}],"line":42},"2":{"loc":{"start":{"line":56,"column":51},"end":{"line":56,"column":62}},"type":"binary-expr","locations":[{"start":{"line":56,"column":51},"end":{"line":56,"column":56}},{"start":{"line":56,"column":60},"end":{"line":56,"column":62}}],"line":56},"3":{"loc":{"start":{"line":58,"column":73},"end":{"line":58,"column":95}},"type":"cond-expr","locations":[{"start":{"line":58,"column":82},"end":{"line":58,"column":90}},{"start":{"line":58,"column":93},"end":{"line":58,"column":95}}],"line":58}},"s":{"0":1,"1":1,"2":1,"3":1,"4":1,"5":1,"6":0,"7":0,"8":0,"9":0,"10":0,"11":0,"12":0,"13":0,"14":0,"15":0,"16":0,"17":0,"18":0,"19":0,"20":0,"21":1},"f":{"0":0,"1":0,"2":0,"3":0,"4":0},"b":{"0":[0,0],"1":[0,0],"2":[0,0],"3":[0,0]},"_coverageSchema":"43e27e138ebf9cfc5966b082cf9a028302ed4184","hash":"0351f7a46a2a2639bb01dcc6d7c1483855b5ed6f","contentHash":"0d9e4a4bc7602d2401d48c3c0af50fdc055704d9b1c344165e5a94ea9a34909d"},"/home/chris/kibana/packages/kbn-dev-utils/target/proc_runner/observe_readable.js":{"path":"/home/chris/kibana/packages/kbn-dev-utils/target/proc_runner/observe_readable.js","statementMap":{"0":{"start":{"line":20,"column":0},"end":{"line":20,"column":62}},"1":{"start":{"line":21,"column":16},"end":{"line":21,"column":32}},"2":{"start":{"line":22,"column":11},"end":{"line":22,"column":48}},"3":{"start":{"line":23,"column":20},"end":{"line":23,"column":45}},"4":{"start":{"line":30,"column":4},"end":{"line":30,"column":216}},"5":{"start":{"line":30,"column":194},"end":{"line":30,"column":212}},"6":{"start":{"line":32,"column":0},"end":{"line":32,"column":42}}},"fnMap":{"0":{"name":"observeReadable","decl":{"start":{"line":29,"column":9},"end":{"line":29,"column":24}},"loc":{"start":{"line":29,"column":35},"end":{"line":31,"column":1}},"line":29},"1":{"name":"(anonymous_1)","decl":{"start":{"line":30,"column":185},"end":{"line":30,"column":186}},"loc":{"start":{"line":30,"column":194},"end":{"line":30,"column":212}},"line":30}},"branchMap":{},"s":{"0":1,"1":1,"2":1,"3":1,"4":0,"5":0,"6":1},"f":{"0":0,"1":0},"b":{},"_coverageSchema":"43e27e138ebf9cfc5966b082cf9a028302ed4184","hash":"4f0e22e88683fc29d1fad4d9b29f72ed6c509c9b","contentHash":"72358c10c434a783f0d4a60cbbb91b89da79a9f57a9a4477238f46be97011ff4"},"/home/chris/kibana/packages/kbn-dev-utils/target/tooling_log/index.js":{"path":"/home/chris/kibana/packages/kbn-dev-ut
[...]
column":52},"end":{"line":81,"column":69}}],"line":81},"7":{"loc":{"start":{"line":82,"column":6},"end":{"line":91,"column":7}},"type":"if","locations":[{"start":{"line":82,"column":6},"end":{"line":91,"column":7}},{"start":{"line":82,"column":6},"end":{"line":91,"column":7}}],"line":82},"8":{"loc":{"start":{"line":82,"column":10},"end":{"line":82,"column":57}},"type":"binary-expr","locations":[{"start":{"line":82,"column":10},"end":{"line":82,"column":36}},{"start":{"line":82,"column":40},"end":{"line":82,"column":57}}],"line":82},"9":{"loc":{"start":{"line":85,"column":21},"end":{"line":85,"column":121}},"type":"cond-expr","locations":[{"start":{"line":85,"column":61},"end":{"line":85,"column":109}},{"start":{"line":85,"column":112},"end":{"line":85,"column":121}}],"line":85},"10":{"loc":{"start":{"line":86,"column":28},"end":{"line":90,"column":21}},"type":"cond-expr","locations":[{"start":{"line":86,"column":65},"end":{"line":90,"column":9}},{"start":{"line":90,"column":12},"end":{"line":90,"column":21}}],"line":86},"11":{"loc":{"start":{"line":86,"column":28},"end":{"line":86,"column":62}},"type":"binary-expr","locations":[{"start":{"line":86,"column":28},"end":{"line":86,"column":32}},{"start":{"line":86,"column":36},"end":{"line":86,"column":45}},{"start":{"line":86,"column":49},"end":{"line":86,"column":62}}],"line":86},"12":{"loc":{"start":{"line":101,"column":6},"end":{"line":103,"column":7}},"type":"if","locations":[{"start":{"line":101,"column":6},"end":{"line":103,"column":7}},{"start":{"line":101,"column":6},"end":{"line":103,"column":7}}],"line":101},"13":{"loc":{"start":{"line":147,"column":27},"end":{"line":147,"column":64}},"type":"binary-expr","locations":[{"start":{"line":147,"column":27},"end":{"line":147,"column":39}},{"start":{"line":147,"column":43},"end":{"line":147,"column":64}}],"line":147},"14":{"loc":{"start":{"line":148,"column":24},"end":{"line":148,"column":48}},"type":"binary-expr","locations":[{"start":{"line":148,"column":24},"end":{"line":148,"column":43}},{"start":{"line":148,"column":47},"end":{"line":148,"column":48}}],"line":148},"15":{"loc":{"start":{"line":149,"column":20},"end":{"line":149,"column":40}},"type":"binary-expr","locations":[{"start":{"line":149,"column":20},"end":{"line":149,"column":35}},{"start":{"line":149,"column":39},"end":{"line":149,"column":40}}],"line":149},"16":{"loc":{"start":{"line":150,"column":35},"end":{"line":150,"column":73}},"type":"cond-expr","locations":[{"start":{"line":150,"column":52},"end":{"line":150,"column":61}},{"start":{"line":150,"column":64},"end":{"line":150,"column":73}}],"line":150},"17":{"loc":{"start":{"line":152,"column":4},"end":{"line":159,"column":5}},"type":"if","locations":[{"start":{"line":152,"column":4},"end":{"line":159,"column":5}},{"start":{"line":152,"column":4},"end":{"line":159,"column":5}}],"line":152},"18":{"loc":{"start":{"line":165,"column":30},"end":{"line":165,"column":104}},"type":"binary-expr","locations":[{"start":{"line":165,"column":30},"end":{"line":165,"column":72}},{"start":{"line":165,"column":76},"end":{"line":165,"column":104}}],"line":165},"19":{"loc":{"start":{"line":166,"column":31},"end":{"line":166,"column":183}},"type":"binary-expr","locations":[{"start":{"line":166,"column":31},"end":{"line":166,"column":73}},{"start":{"line":166,"column":77},"end":{"line":166,"column":183}}],"line":166},"20":{"loc":{"start":{"line":168,"column":6},"end":{"line":182,"column":7}},"type":"if","locations":[{"start":{"line":168,"column":6},"end":{"line":182,"column":7}},{"start":{"line":168,"column":6},"end":{"line":182,"column":7}}],"line":168},"21":{"loc":{"start":{"line":168,"column":10},"end":{"line":168,"column":75}},"type":"binary-expr","locations":[{"start":{"line":168,"column":11},"end":{"line":168,"column":30}},{"start":{"line":168,"column":34},"end":{"line":168,"column":49}},{"start":{"line":168,"column":54},"end":{"line":168,"column":75}}],"line":168},"22":{"loc":{"start":{"line":171,"column":8},"end":{"line":175,"column":9}},"type":"if","locations":[{"start":{"line":171,"column":8},"end":{"line":175,"column":9}},{"start":{"line":171,"column":8},"end":{"line":175,"column":9}}],"line":171},"23":{"loc":{"start":{"line":184,"column":6},"end":{"line":186,"column":7}},"type":"if","locations":[{"start":{"line":184,"column":6},"end":{"line":186,"column":7}},{"start":{"line":184,"column":6},"end":{"line":186,"column":7}}],"line":184}},"s":{"0":1,"1":1,"2":1,"3":1,"4":1,"5":1,"6":3,"7":0,"8":0,"9":0,"10":0,"11":1,"12":0,"13":0,"14":0,"15":0,"16":0,"17":0,"18":0,"19":0,"20":0,"21":0,"22":0,"23":0,"24":0,"25":0,"26":0,"27":0,"28":0,"29":0,"30":0,"31":0,"32":0,"33":0,"34":0,"35":0,"36":0,"37":0,"38":0,"39":0,"40":0,"41":0,"42":0,"43":0,"44":0,"45":0,"46":0,"47":0,"48":0,"49":0,"50":0,"51":0,"52":0,"53":0,"54":0,"55":0,"56":0,"57":0,"58":0,"59":0,"60":0,"61":0,"62":1},"f":{"0":3,"1":0,"2":0,"3":0,"4":0,"5":0,"6":0,"7":0,"8":0,"9":0},"b":{"0":[0,3],"1":[3,3],"2":[0,0],"3":[0,0],"4":[0,0],"5":[0,0],"6":[0,0],"7":[0,0],"8":[0,0],"9":[0,0],"10":[0,0],"11":[0,0,0],"12":[0,0],"13":[0,0],"14":[0,0],"15":[0,0],"16":[0,0],"17":[0,0],"18":[0,0],"19":[0,0],"20":[0,0],"21":[0,0,0],"22":[0,0],"23":[0,0]},"_coverageSchema":"43e27e138ebf9cfc5966b082cf9a028302ed4184","hash":"3dccec74481c31b2ba07b03f6661d7be323fc7fe","contentHash":"b309bc9d58dfc77506ca886cbf347c6af16cce113b57cb6cd00925b6caf90596"},"/home/chris/kibana/packages/kbn-test/target/failed_tests_reporter/report_failure.js":{"path":"/home/chris/kibana/packages/kbn-test/target/failed_tests_reporter/report_failure.js","statementMap":{"0":{"start":{"line":3,"column":0},"end":{"line":5,"column":3}},"1":{"start":{"line":6,"column":0},"end":{"line":6,"column":48}},"2":{"start":{"line":7,"column":0},"end":{"line":7,"column":48}},"3":{"start":{"line":9,"column":22},"end":{"line":9,"column":49}},"4":{"start":{"line":30,"column":16},"end":{"line":30,"column":70}},"5":{"start":{"line":31,"column":15},"end":{"line":35,"column":4}},"6":{"start":{"line":36,"column":2},"end":{"line":36,"column":61}},"7":{"start":{"line":41,"column":19},"end":{"line":41,"column":93}},"8":{"start":{"line":42,"column":18},"end":{"line":44,"column":4}},"9":{"start":{"line":45,"column":2},"end":{"line":45,"column":62}},"10":{"start":{"line":46,"column":2},"end":{"line":46,"column":87}},"11":{"start":{"line":47,"column":2},"end":{"line":47,"column":18}}},"fnMap":{"0":{"name":"createFailureIssue","decl":{"start":{"line":29,"column":15},"end":{"line":29,"column":33}},"loc":{"start":{"line":29,"column":58},"end":{"line":37,"column":1}},"line":29},"1":{"name":"updateFailureIssue","decl":{"start":{"line":39,"column":15},"end":{"line":39,"column":33}},"loc":{"start":{"line":39,"column":56},"end":{"line":48,"column":1}},"line":39}},"branchMap":{},"s":{"0":1,"1":1,"2":1,"3":1,"4":0,"5":0,"6":0,"7":0,"8":0,"9":0,"10":0,"11":0},"f":{"0":0,"1":0},"b":{},"_coverageSchema":"43e27e138ebf9cfc5966b082cf9a028302ed4184","hash":"eaff49986d1468bbd8b42abb3745ab4927ba8f9d","contentHash":"05014c633c32a09b0c87750665fc0abe0e86eb6ca2c539c389a2839d104068a9"},"/home/chris/kibana/packages/kbn-test/target/failed_tests_reporter/issue_metadata.js":{"path":"/home/chris/kibana/packages/kbn-test/target/failed_tests_reporter/issue_metadata.js","statementMap":{"0":{"start":{"line":3,"column":0},"end":{"line":5,"column":3}},"1":{"start":{"line":6,"column":0},"end":{"line":6,"column":44}},"2":{"start":{"line":7,"column":0},"end":{"line":7,"column":50}},"3":{"start":{"line":39,"column":15},"end":{"line":39,"column":28}},"4":{"start":{"line":40,"column":14},"end":{"line":40,"column":48}},"5":{"start":{"line":43,"column":2},"end":{"line":47,"column":3}},"6":{"start":{"line":44,"column":4},"end":{"line":44,"column":28}},"7":{"start":{"line":46,"column":4},"end":{"line":46,"column":19}},"8":{"start":{"line":55,"column":16},"end":{"line":55,"column":33}},"9":{"start":{"line":57,"column":2},"end":{"line":62,"column":3}},"10":{"start":{"line":58,"column":17},"end":{"line":58,"column":52}},"11":{"start":{"line":59,"column":4},"end":{"line":59,"column":70}},"12":{"start":{"line":61,"column":4},"end":{"line":61,"column":24}},"13":{"start":{"line":70,"column":2},"end":{"line":76,"column":3}},"14":{"start":{"line":71,"column":4},"end":{"line":75,"column":7}},"15":{"start":{"line":72,"column":19},"end":{"line":72,"column":42}},"16":{"start":{"line":73,"column":6},"end":{"line":73,"column":63}},"17":{"start":{"line":74,"column":6},"end":{"line":74,"column":55}},"18":{"start":{"line":78,"column":2},"end":{"line":80,"column":11}}},"fnMap":{"0":{"name":"safeJsonParse","decl":{"start":{"line":42,"column":9},"end":{"line":42,"column":22}},"loc":{"start":{"line":42,"column":38},"end":{"line":48,"column":1}},"line":42},"1":{"name":"getIssueMetadata","decl":{"start":{"line":54,"column":9},"end":{"line":54,"column":25}},"loc":{"start":{"line":54,"column":63},"end":{"line":63,"column":1}},"line":54},"2":{"name":"updateIssueMetadata","decl":{"start":{"line":69,"column":9},"end":{"line":69,"column":28}},"loc":{"start":{"line":69,"column":43},"end":{"line":81,"column":1}},"line":69},"3":{"name":"(anonymous_3)","decl":{"start":{"line":71,"column":31},"end":{"line":71,"column":32}},"loc":{"start":{"line":71,"column":48},"end":{"line":75,"column":5}},"line":71}},"branchMap":{"0":{"loc":{"start":{"line":54,"column":37},"end":{"line":54,"column":61}},"type":"default-arg","locations":[{"start":{"line":54,"column":52},"end":{"line":54,"column":61}}],"line":54},"1":{"loc":{"start":{"line":57,"column":2},"end":{"line":62,"column":3}},"type":"if","locations":[{"start":{"line":57,"column":2},"end":{"line":62,"column":3}},{"start":{"line":57,"column":2},"end":{"line":62,"column":3}}],"line":57},"2":{"loc":{"start":{"line":59,"column":11},"end":{"line":59,"column":69}},"type":"cond-expr","locations":[{"start":{"line":59,"column":45},"end":{"line":59,"column":54}},{"start":{"line":59,"column":57},"end":{"line":59,"column":69}}],"line":59},"3":{"loc":{"start":{"line":59,"column":11},"end":{"line":59,"column":42}},"type":"binary-expr","locations":[{"start":{"line":59,"column":11},"end":{"line":59,"column":15}},{"start":{"line":59,"column":19},"end":{"line":59,"column":42}}],"line":59},"4":{"loc":{"start":{"line":70,"column":2},"end":{"line":76,"column":3}},"type":"if","locations":[{"start":{"line":70,"column":2},"end":{"line":76,"column":3}},{"start":{"line":70,"column":2},"end":{"line":76,"column":3}}],"line":70},"5":{"loc":{"start":{"line":73,"column":35},"end":{"line":73,"column":53}},"type":"binary-expr","locations":[{"start":{"line":73,"column":35},"end":{"line":73,"column":47}},{"start":{"line":73,"column":51},"end":{"line":73,"column":53}}],"line":73}},"s":{"0":1,"1":1,"2":1,"3":1,"4":1,"5":0,"6":0,"7":0,"8":0,"9":0,"10":0,"11":0,"12":0,"13":0,"14":0,"15":0,"16":0,"17":0,"18":0},"f":{"0":0,"1":0,"2":0,"3":0},"b":{"0":[0],"1":[0,0],"2":[0,0],"3":[0,0],"4":[0,0],"5":[0,0]},"_coverageSchema":"43e27e138ebf9cfc5966b082cf9a028302ed4184","hash":"0cdb3f72aab4c5dc4fae3edcb95eacd97d1c8c7f","contentHash":"7ce1c3fd062b2408e8f8cfdf58bfae2402af4832d1e48449bb3d18e5e3d47c65"},"/home/chris/kibana/packages/kbn-test/target/failed_tests_reporter/add_messages_to_report.js":{"path":"/home/chris/kibana/packages/kbn-test/target/failed_tests_reporter/add_messages_to_report.js","statementMap":{"0":{"start":{"line":3,"column":0},"end":{"line":5,"column":3}},"1":{"start":{"line":6,"column":0},"end":{"line":6,"column":50}},"2":{"start":{"line":8,"column":10},"end":{"line":8,"column":47}},"3":{"start":{"line":10,"column":12},"end":{"line":10,"column":27}},"4":{"start":{"line":12,"column":14},"end":{"line":12,"column":55}},"5":{"start":{"line":14,"column":19},"end":{"line":14,"column":43}},"6":{"start":{"line":16,"column":39},"end":{"line":16,"column":93}},"7":{"start":{"line":36,"column":19},"end":{"line":36,"column":62}},"8":{"start":{"line":49,"column":6},"end":{"line":49,"column":13}},"9":{"start":{"line":51,"column":2},"end":{"line":72,"column":3}},"10":{"start":{"line":55,"column":8},"end":{"line":55,"column":18}},"11":{"start":{"line":56,"column":24},"end":{"line":56,"column":141}},"12":{"start":{"line":56,"column":45},"end":{"line":56,"column":89}},"13":{"start":{"line":56,"column":110},"end":{"line":56,"column":136}},"14":{"start":{"line":58,"column":4},"end":{"line":60,"column":5}},"15":{"start":{"line":59,"column":6},"end":{"line":59,"column":15}},"16":{"start":{"line":62,"column":4},"end":{"line":62,"column":54}},"17":{"start":{"line":63,"column":19},"end":{"line":63,"column":61}},"18":{"start":{"line":65,"column":4},"end":{"line":71,"column":5}},"19":{"start":{"line":66,"column":6},"end":{"line":66,"column":40}},"20":{"start":{"line":67,"column":11},"end":{"line":71,"column":5}},"21":{"start":{"line":68,"column":6},"end":{"line":68,"column":77}},"22":{"start":{"line":70,"column":6},"end":{"line":70,"column":73}},"23":{"start":{"line":74,"column":18},"end":{"line":80,"column":4}},"24":{"start":{"line":81,"column":14},"end":{"line":81,"column":108}},"25":{"start":{"line":81,"column":66},"end":{"line":81,"column":96}},"26":{"start":{"line":83,"column":2},"end":{"line":87,"column":3}},"27":{"start":{"line":84,"column":4},"end":{"line":84,"column":46}},"28":{"start":{"line":86,"column":4},"end":{"line":86,"column":46}},"29":{"start":{"line":89,"column":2},"end":{"line":89,"column":13}}},"fnMap":{"0":{"name":"_interopRequireDefault","decl":{"start":{"line":16,"column":9},"end":{"line":16,"column":31}},"loc":{"start":{"line":16,"column":37},"end":{"line":16,"column":95}},"line":16},"1":{"name":"addMessagesToReport","decl":{"start":{"line":42,"column":15},"end":{"line":42,"column":34}},"loc":{"start":{"line":42,"column":44},"end":{"line":90,"column":1}},"line":42},"2":{"name":"(anonymous_2)","decl":{"start":{"line":56,"column":40},"end":{"line":56,"column":41}},"loc":{"start":{"line":56,"column":45},"end":{"line":56,"column":89}},"line":56},"3":{"name":"(anonymous_3)","decl":{"start":{"line":56,"column":98},"end":{"line":56,"column":99}},"loc":{"start":{"line":56,"column":110},"end":{"line":56,"column":136}},"line":56},"4":{"name":"(anonymous_4)","decl":{"start":{"line":81,"column":58},"end":{"line":81,"column":59}},"loc":{"start":{"line":81,"column":66},"end":{"line":81,"column":96}},"line":81}},"branchMap":{"0":{"loc":{"start":{"line":16,"column":46},"end":{"line":16,"column":92}},"type":"cond-expr","locations":[{"start":{"line":16,"column":70},"end":{"line":16,"column":73}},{"start":{"line":16,"column":76},"end":{"line":16,"column":92}}],"line":16},"1":{"loc":{"start":{"line":16,"column":46},"end":{"line":16,"column":67}},"type":"binary-expr","locations":[{"start":{"line":16,"column":46},"end":{"line":16,"column":49}},{"start":{"line":16,"column":53},"end":{"line":16,"column":67}}],"line":16},"2":{"loc":{"start":{"line":56,"column":45},"end":{"line":56,"column":89}},"type":"binary-expr","locations":[{"start":{"line":56,"column":45},"end":{"line":56,"column":70}},{"start":{"line":56,"column":74},"end":{"line":56,"column":89}}],"line":56},"3":{"loc":{"start":{"line":58,"column":4},"end":{"line":60,"column":5}},"type":"if","locations":[{"start":{"line":58,"column":4},"end":{"line":60,"column":5}},{"start":{"line":58,"column":4},"end":{"line":60,"column":5}}],"line":58},"4":{"loc":{"start":{"line":65,"column":4},"end":{"line":71,"column":5}},"type":"if","locations":[{"start":{"line":65,"column":4},"end":{"line":71,"column":5}},{"start":{"line":65,"column":4},"end":{"line":71,"column":5}}],"line":65},"5":{"loc":{"start":{"line":67,"column":11},"end":{"line":71,"column":5}},"type":"if","locations":[{"start":{"line":67,"column":11},"end":{"line":71,"column":5}},{"start":{"line":67,"column":11},"end":{"line":71,"column":5}}],"line":67},"6":{"loc":{"start":{"line":81,"column":66},"end":{"line":81,"column":96}},"type":"cond-expr","locations":[{"start":{"line":81,"column":87},"end":{"line":81,"column":89}},{"start":{"line":81,"column":92},"end":{"line":81,"column":96}}],"line":81},"7":{"loc":{"start":{"line":83,"column":2},"end":{"line":87,"column":3}},"type":"if","locations":[{"start":{"line":83,"column":2},"end":{"line":87,"column":3}},{"start":{"line":83,"column":2},"end":{"line":87,"column":3}}],"line":83}},"s":{"0":1,"1":1,"2":1,"3":1,"4":1,"5":1,"6":2,"7":1,"8":0,"9":0,"10":0,"11":0,"12":0,"13":0,"14":0,"15":0,"16":0,"17":0,"18":0,"19":0,"20":0,"21":0,"22":0,"23":0,"24":0,"25":0,"26":0,"27":0,"28":0,"29":0},"f":{"0":2,"1":0,"2":0,"3":0,"4":0},"b":{"0":[0,2],"1":[2,2],"2":[0,0],"3":[0,0],"4":[0,0],"5":[0,0],"6":[0,0],"7":[0,0]},"_coverageSchema":"43e27e138ebf9cfc5966b082cf9a028302ed4184","hash":"00f8c5cbcaf82e4e0e65f147d8e608ed9008beef","contentHash":"7284253edf51609cc13171211f55ddddef9388a61be73fb4830f1d047ddb829a"},"/home/chris/kibana/packages/kbn-test/target/failed_tests_reporter/report_metadata.js":{"path":"/home/chris/kibana/packages/kbn-test/target/failed_tests_reporter/report_metadata.js","statementMap":{"0":{"start":{"line":3,"column":0},"end":{"line":5,"column":3}},"1":{"start":{"line":6,"column":0},"end":{"line":6,"column":52}},"2":{"start":{"line":8,"column":19},"end":{"line":8,"column":43}},"3":{"start":{"line":29,"column":2},"end":{"line":47,"column":3}},"4":{"start":{"line":30,"column":21},"end":{"line":30,"column":95}},"5":{"start":{"line":32,"column":4},"end":{"line":38,"column":5}},"6":{"start":{"line":33,"column":6},"end":{"line":37,"column":8}},"7":{"start":{"line":40,"column":4},"end":{"line":46,"column":5}},"8":{"start":{"line":41,"column":6},"end":{"line":45,"column":8}}},"fnMap":{"0":{"name":"getReportMessageIter","decl":{"start":{"line":28,"column":10},"end":{"line":28,"column":30}},"loc":{"start":{"line":28,"column":39},"end":{"line":48,"column":1}},"line":28}},"branchMap":{"0":{"loc":{"start":{"line":30,"column":21},"end":{"line":30,"column":95}},"type":"cond-expr","locations":[{"start":{"line":30,"column":51},"end":{"line":30,"column":90}},{"start":{"line":30,"column":93},"end":{"line":30,"column":95}}],"line":30},"1":{"loc":{"start":{"line":32,"column":26},"end":{"line":32,"column":49}},"type":"binary-expr","locations":[{"start":{"line":32,"column":26},"end":{"line":32,"column":43}},{"start":{"line":32,"column":47},"end":{"line":32,"column":49}}],"line":32},"2":{"loc":{"start":{"line":40,"column":29},"end":{"line":40,"column":55}},"type":"binary-expr","locations":[{"start":{"line":40,"column":29},"end":{"line":40,"column":49}},{"start":{"line":40,"column":53},"end":{"line":40,"column":55}}],"line":40}},"s":{"0":1,"1":1,"2":1,"3":0,"4":0,"5":0,"6":0,"7":0,"8":0},"f":{"0":0},"b":{"0":[0,0],"1":[0,0],"2":[0,0]},"_coverageSchema":"43e27e138ebf9cfc5966b082cf9a028302ed4184","hash":"079693fae4effa5b6cec150095d45bc90a40fa30","contentHash":"52e90465e98774cca029d435d917839078ce477a5e1aeec06949ee5acf81db89"},"/home/chris/kibana/packages/kbn-test/target/junit_report_path.js":{"path":"/home/chris/kibana/packages/kbn-test/target/junit_report_path.js","statementMap":{"0":{"start":{"line":3,"column":0},"end":{"line":5,"column":3}},"1":{"start":{"line":6,"column":0},"end":{"line":6,"column":50}},"2":{"start":{"line":8,"column":12},"end":{"line":8,"column":27}},"3":{"start":{"line":10,"column":34},"end":{"line":10,"column":73}},"4":{"start":{"line":31,"column":2},"end":{"line":31,"column":166}}},"fnMap":{"0":{"name":"makeJunitReportPath","decl":{"start":{"line":30,"column":9},"end":{"line":30,"column":28}},"loc":{"start":{"line":30,"column":56},"end":{"line":32,"column":1}},"line":30}},"branchMap":{"0":{"loc":{"start":{"line":31,"column":59},"end":{"line":31,"column":81}},"type":"binary-expr","locations":[{"start":{"line":31,"column":59},"end":{"line":31,"column":74}},{"start":{"line":31,"column":78},"end":{"line":31,"column":81}}],"line":31}},"s":{"0":1,"1":1,"2":1,"3":1,"4":0},"f":{"0":0},"b":{"0":[0,0]},"_coverageSchema":"43e27e138ebf9cfc5966b082cf9a028302ed4184","hash":"704ea5f1b60d94932a5ce53589c59e0abdcfc0fd","contentHash":"8b33a0d9a2418af7fe1932e6551de31ca35831fabcd9b213dc1b3352a8ebac53"}}